# Logfile created on 2014-05-04 16:40:57 +0430 by logger.rb/44203
I, [2014-05-04T16:40:57.448909 #25015]  INFO -- : 0:  rake (10.3.1) from /home/lxsameer/.rbenv/versions/2.1.0/lib/ruby/gems/2.1.0/specifications/rake-10.3.1.gemspec
I, [2014-05-04T16:40:57.449468 #25015]  INFO -- : 0:  blankslate (2.1.2.4) from /home/lxsameer/.rbenv/versions/2.1.0/lib/ruby/gems/2.1.0/specifications/blankslate-2.1.2.4.gemspec
I, [2014-05-04T16:41:03.246138 #25015]  INFO -- : 0:  chunky_png (1.3.1) from /home/lxsameer/.rbenv/versions/2.1.0/lib/ruby/gems/2.1.0/specifications/chunky_png-1.3.1.gemspec
I, [2014-05-04T16:41:03.247005 #25015]  INFO -- : 0:  fast-stemmer (1.0.2) from /home/lxsameer/.rbenv/versions/2.1.0/lib/ruby/gems/2.1.0/specifications/fast-stemmer-1.0.2.gemspec
I, [2014-05-04T16:41:03.247559 #25015]  INFO -- : 0:  classifier (1.3.4) from /home/lxsameer/.rbenv/versions/2.1.0/lib/ruby/gems/2.1.0/specifications/classifier-1.3.4.gemspec
I, [2014-05-04T16:41:03.248132 #25015]  INFO -- : 0:  coderay (1.1.0) from /home/lxsameer/.rbenv/versions/2.1.0/lib/ruby/gems/2.1.0/specifications/coderay-1.1.0.gemspec
I, [2014-05-04T16:41:03.248694 #25015]  INFO -- : 0:  colorator (0.1) from /home/lxsameer/.rbenv/versions/2.1.0/lib/ruby/gems/2.1.0/specifications/colorator-0.1.gemspec
I, [2014-05-04T16:41:03.249255 #25015]  INFO -- : 0:  highline (1.6.21) from /home/lxsameer/.rbenv/versions/2.1.0/lib/ruby/gems/2.1.0/specifications/highline-1.6.21.gemspec
I, [2014-05-04T16:41:03.249919 #25015]  INFO -- : 0:  commander (4.1.6) from /home/lxsameer/.rbenv/versions/2.1.0/lib/ruby/gems/2.1.0/specifications/commander-4.1.6.gemspec
I, [2014-05-04T16:41:03.250511 #25015]  INFO -- : 0:  fssm (0.2.10) from /home/lxsameer/.rbenv/versions/2.1.0/lib/ruby/gems/2.1.0/specifications/fssm-0.2.10.gemspec
I, [2014-05-04T16:41:03.251100 #25015]  INFO -- : 0:  sass (3.2.19) from /home/lxsameer/.rbenv/versions/2.1.0/lib/ruby/gems/2.1.0/specifications/sass-3.2.19.gemspec
I, [2014-05-04T16:41:03.251658 #25015]  INFO -- : 0:  compass (0.12.6) from /home/lxsameer/.rbenv/versions/2.1.0/lib/ruby/gems/2.1.0/specifications/compass-0.12.6.gemspec
I, [2014-05-04T16:41:03.252013 #25015]  INFO -- : 0:  eventmachine (1.0.3) from /home/lxsameer/.rbenv/versions/2.1.0/lib/ruby/gems/2.1.0/specifications/eventmachine-1.0.3.gemspec
I, [2014-05-04T16:41:03.252367 #25015]  INFO -- : 0:  http_parser.rb (0.6.0) from /home/lxsameer/.rbenv/versions/2.1.0/lib/ruby/gems/2.1.0/specifications/http_parser.rb-0.6.0.gemspec
I, [2014-05-04T16:41:03.252762 #25015]  INFO -- : 0:  em-websocket (0.5.1) from /home/lxsameer/.rbenv/versions/2.1.0/lib/ruby/gems/2.1.0/specifications/em-websocket-0.5.1.gemspec
I, [2014-05-04T16:41:03.253123 #25015]  INFO -- : 0:  ffi (1.9.3) from /home/lxsameer/.rbenv/versions/2.1.0/lib/ruby/gems/2.1.0/specifications/ffi-1.9.3.gemspec
I, [2014-05-04T16:41:03.253521 #25015]  INFO -- : 0:  formatador (0.2.4) from /home/lxsameer/.rbenv/versions/2.1.0/lib/ruby/gems/2.1.0/specifications/formatador-0.2.4.gemspec
I, [2014-05-04T16:41:03.253891 #25015]  INFO -- : 0:  thor (0.19.1) from /home/lxsameer/.rbenv/versions/2.1.0/lib/ruby/gems/2.1.0/specifications/thor-0.19.1.gemspec
I, [2014-05-04T16:41:05.499117 #25015]  INFO -- : 0:  foundation (1.0.4) from /home/lxsameer/.rbenv/versions/2.1.0/lib/ruby/gems/2.1.0/specifications/foundation-1.0.4.gemspec
I, [2014-05-04T16:41:05.499721 #25015]  INFO -- : 0:  rb-fsevent (0.9.4) from /home/lxsameer/.rbenv/versions/2.1.0/lib/ruby/gems/2.1.0/specifications/rb-fsevent-0.9.4.gemspec
I, [2014-05-04T16:41:05.500091 #25015]  INFO -- : 0:  rb-inotify (0.9.4) from /home/lxsameer/.rbenv/versions/2.1.0/lib/ruby/gems/2.1.0/specifications/rb-inotify-0.9.4.gemspec
I, [2014-05-04T16:41:05.500435 #25015]  INFO -- : 0:  rb-kqueue (0.2.2) from /home/lxsameer/.rbenv/versions/2.1.0/lib/ruby/gems/2.1.0/specifications/rb-kqueue-0.2.2.gemspec
I, [2014-05-04T16:41:05.500878 #25015]  INFO -- : 0:  listen (1.3.1) from /home/lxsameer/.rbenv/versions/2.1.0/lib/ruby/gems/2.1.0/specifications/listen-1.3.1.gemspec
I, [2014-05-04T16:41:05.501229 #25015]  INFO -- : 0:  lumberjack (1.0.5) from /home/lxsameer/.rbenv/versions/2.1.0/lib/ruby/gems/2.1.0/specifications/lumberjack-1.0.5.gemspec
I, [2014-05-04T16:41:05.501594 #25015]  INFO -- : 0:  method_source (0.8.2) from /home/lxsameer/.rbenv/versions/2.1.0/lib/ruby/gems/2.1.0/specifications/method_source-0.8.2.gemspec
I, [2014-05-04T16:41:05.502024 #25015]  INFO -- : 0:  slop (3.5.0) from /home/lxsameer/.rbenv/versions/2.1.0/lib/ruby/gems/2.1.0/specifications/slop-3.5.0.gemspec
I, [2014-05-04T16:41:05.502415 #25015]  INFO -- : 0:  pry (0.9.12.6) from /home/lxsameer/.rbenv/versions/2.1.0/lib/ruby/gems/2.1.0/specifications/pry-0.9.12.6.gemspec
I, [2014-05-04T16:41:09.854396 #25015]  INFO -- : 0:  guard (1.8.3) from /home/lxsameer/.rbenv/versions/2.1.0/lib/ruby/gems/2.1.0/specifications/guard-1.8.3.gemspec
I, [2014-05-04T16:41:09.855285 #25015]  INFO -- : 0:  liquid (2.5.5) from /home/lxsameer/.rbenv/versions/2.1.0/lib/ruby/gems/2.1.0/specifications/liquid-2.5.5.gemspec
I, [2014-05-04T16:41:13.226434 #25015]  INFO -- : 0:  maruku (0.7.0) from /home/lxsameer/.rbenv/versions/2.1.0/lib/ruby/gems/2.1.0/specifications/maruku-0.7.0.gemspec
I, [2014-05-04T16:41:13.227377 #25015]  INFO -- : 0:  posix-spawn (0.3.8) from /home/lxsameer/.rbenv/versions/2.1.0/lib/ruby/gems/2.1.0/specifications/posix-spawn-0.3.8.gemspec
I, [2014-05-04T16:41:13.228063 #25015]  INFO -- : 0:  yajl-ruby (1.1.0) from /home/lxsameer/.rbenv/versions/2.1.0/lib/ruby/gems/2.1.0/specifications/yajl-ruby-1.1.0.gemspec
I, [2014-05-04T16:41:13.228718 #25015]  INFO -- : 0:  pygments.rb (0.5.4) from /home/lxsameer/.rbenv/versions/2.1.0/lib/ruby/gems/2.1.0/specifications/pygments.rb-0.5.4.gemspec
I, [2014-05-04T16:41:13.229378 #25015]  INFO -- : 0:  redcarpet (2.3.0) from /home/lxsameer/.rbenv/versions/2.1.0/lib/ruby/gems/2.1.0/specifications/redcarpet-2.3.0.gemspec
I, [2014-05-04T16:41:15.460264 #25015]  INFO -- : 0:  safe_yaml (1.0.3) from /home/lxsameer/.rbenv/versions/2.1.0/lib/ruby/gems/2.1.0/specifications/safe_yaml-1.0.3.gemspec
I, [2014-05-04T16:41:15.460919 #25015]  INFO -- : 0:  parslet (1.5.0) from /home/lxsameer/.rbenv/versions/2.1.0/lib/ruby/gems/2.1.0/specifications/parslet-1.5.0.gemspec
I, [2014-05-04T16:41:15.461291 #25015]  INFO -- : 0:  toml (0.1.1) from /home/lxsameer/.rbenv/versions/2.1.0/lib/ruby/gems/2.1.0/specifications/toml-0.1.1.gemspec
I, [2014-05-04T16:41:23.619224 #25015]  INFO -- : 0:  jekyll (1.5.1) from /home/lxsameer/.rbenv/versions/2.1.0/lib/ruby/gems/2.1.0/specifications/jekyll-1.5.1.gemspec
I, [2014-05-04T16:41:23.677018 #25015]  INFO -- : 0:  guard-jekyll-plus (1.4.10) from /home/lxsameer/.rbenv/versions/2.1.0/lib/ruby/gems/2.1.0/bundler/gems/guard-jekyll-plus-a847946d4611/guard-jekyll-plus.gemspec
I, [2014-05-04T16:41:25.948199 #25015]  INFO -- : 0:  multi_json (1.9.3) from /home/lxsameer/.rbenv/versions/2.1.0/lib/ruby/gems/2.1.0/specifications/multi_json-1.9.3.gemspec
I, [2014-05-04T16:41:28.605951 #25015]  INFO -- : 0:  guard-livereload (1.4.0) from /home/lxsameer/.rbenv/versions/2.1.0/lib/ruby/gems/2.1.0/specifications/guard-livereload-1.4.0.gemspec
I, [2014-05-04T16:41:28.606536 #25015]  INFO -- : 0:  hike (1.2.3) from /home/lxsameer/.rbenv/versions/2.1.0/lib/ruby/gems/2.1.0/specifications/hike-1.2.3.gemspec
I, [2014-05-04T16:41:28.606875 #25015]  INFO -- : 0:  rack (1.5.2) from /home/lxsameer/.rbenv/versions/2.1.0/lib/ruby/gems/2.1.0/specifications/rack-1.5.2.gemspec
I, [2014-05-04T16:41:28.607213 #25015]  INFO -- : 0:  tilt (1.4.1) from /home/lxsameer/.rbenv/versions/2.1.0/lib/ruby/gems/2.1.0/specifications/tilt-1.4.1.gemspec
I, [2014-05-04T16:41:31.112333 #25015]  INFO -- : 0:  sprockets (2.12.1) from /home/lxsameer/.rbenv/versions/2.1.0/lib/ruby/gems/2.1.0/specifications/sprockets-2.12.1.gemspec
I, [2014-05-04T16:41:33.795359 #25015]  INFO -- : 0:  jekyll-assets (0.7.7) from /home/lxsameer/.rbenv/versions/2.1.0/lib/ruby/gems/2.1.0/specifications/jekyll-assets-0.7.7.gemspec
I, [2014-05-04T16:41:33.795987 #25015]  INFO -- : 0:  puma (2.8.2) from /home/lxsameer/.rbenv/versions/2.1.0/lib/ruby/gems/2.1.0/specifications/puma-2.8.2.gemspec
I, [2014-05-04T16:41:33.796348 #25015]  INFO -- : 0:  rack-contrib (1.1.0) from /home/lxsameer/.rbenv/versions/2.1.0/lib/ruby/gems/2.1.0/specifications/rack-contrib-1.1.0.gemspec
I, [2014-05-04T16:41:33.796723 #25015]  INFO -- : 0:  rack-rewrite (1.5.0) from /home/lxsameer/.rbenv/versions/2.1.0/lib/ruby/gems/2.1.0/specifications/rack-rewrite-1.5.0.gemspec
I, [2014-05-04T16:41:33.797085 #25015]  INFO -- : 0:  yui-compressor (0.12.0) from /home/lxsameer/.rbenv/versions/2.1.0/lib/ruby/gems/2.1.0/specifications/yui-compressor-0.12.0.gemspec
I, [2014-05-04T16:41:33.797389 #25015]  INFO -- : 0:  bundler (1.5.1) from /home/lxsameer/.rbenv/versions/2.1.0/lib/ruby/gems/2.1.0/specifications/bundler-1.5.1.gemspec
I, [2014-05-04T16:55:36.145008 #27326]  INFO -- : 0:  rake (10.3.1) from /home/lxsameer/.rbenv/versions/2.1.0/lib/ruby/gems/2.1.0/specifications/rake-10.3.1.gemspec
I, [2014-05-04T16:55:36.145569 #27326]  INFO -- : 0:  blankslate (2.1.2.4) from /home/lxsameer/.rbenv/versions/2.1.0/lib/ruby/gems/2.1.0/specifications/blankslate-2.1.2.4.gemspec
I, [2014-05-04T16:55:36.146013 #27326]  INFO -- : 0:  chunky_png (1.3.1) from /home/lxsameer/.rbenv/versions/2.1.0/lib/ruby/gems/2.1.0/specifications/chunky_png-1.3.1.gemspec
I, [2014-05-04T16:55:36.146391 #27326]  INFO -- : 0:  fast-stemmer (1.0.2) from /home/lxsameer/.rbenv/versions/2.1.0/lib/ruby/gems/2.1.0/specifications/fast-stemmer-1.0.2.gemspec
I, [2014-05-04T16:55:36.146776 #27326]  INFO -- : 0:  classifier (1.3.4) from /home/lxsameer/.rbenv/versions/2.1.0/lib/ruby/gems/2.1.0/specifications/classifier-1.3.4.gemspec
I, [2014-05-04T16:55:36.147143 #27326]  INFO -- : 0:  coderay (1.1.0) from /home/lxsameer/.rbenv/versions/2.1.0/lib/ruby/gems/2.1.0/specifications/coderay-1.1.0.gemspec
I, [2014-05-04T16:55:36.147517 #27326]  INFO -- : 0:  colorator (0.1) from /home/lxsameer/.rbenv/versions/2.1.0/lib/ruby/gems/2.1.0/specifications/colorator-0.1.gemspec
I, [2014-05-04T16:55:36.147917 #27326]  INFO -- : 0:  highline (1.6.21) from /home/lxsameer/.rbenv/versions/2.1.0/lib/ruby/gems/2.1.0/specifications/highline-1.6.21.gemspec
I, [2014-05-04T16:55:36.148295 #27326]  INFO -- : 0:  commander (4.1.6) from /home/lxsameer/.rbenv/versions/2.1.0/lib/ruby/gems/2.1.0/specifications/commander-4.1.6.gemspec
I, [2014-05-04T16:55:36.148668 #27326]  INFO -- : 0:  fssm (0.2.10) from /home/lxsameer/.rbenv/versions/2.1.0/lib/ruby/gems/2.1.0/specifications/fssm-0.2.10.gemspec
I, [2014-05-04T16:55:36.149058 #27326]  INFO -- : 0:  sass (3.2.19) from /home/lxsameer/.rbenv/versions/2.1.0/lib/ruby/gems/2.1.0/specifications/sass-3.2.19.gemspec
I, [2014-05-04T16:55:36.149421 #27326]  INFO -- : 0:  compass (0.12.6) from /home/lxsameer/.rbenv/versions/2.1.0/lib/ruby/gems/2.1.0/specifications/compass-0.12.6.gemspec
I, [2014-05-04T16:55:36.149783 #27326]  INFO -- : 0:  eventmachine (1.0.3) from /home/lxsameer/.rbenv/versions/2.1.0/lib/ruby/gems/2.1.0/specifications/eventmachine-1.0.3.gemspec
I, [2014-05-04T16:55:36.150142 #27326]  INFO -- : 0:  http_parser.rb (0.6.0) from /home/lxsameer/.rbenv/versions/2.1.0/lib/ruby/gems/2.1.0/specifications/http_parser.rb-0.6.0.gemspec
I, [2014-05-04T16:55:36.150501 #27326]  INFO -- : 0:  em-websocket (0.5.1) from /home/lxsameer/.rbenv/versions/2.1.0/lib/ruby/gems/2.1.0/specifications/em-websocket-0.5.1.gemspec
I, [2014-05-04T16:55:36.151009 #27326]  INFO -- : 0:  execjs (2.0.2) from /home/lxsameer/.rbenv/versions/2.1.0/lib/ruby/gems/2.1.0/specifications/execjs-2.0.2.gemspec
I, [2014-05-04T16:55:36.151512 #27326]  INFO -- : 0:  ffi (1.9.3) from /home/lxsameer/.rbenv/versions/2.1.0/lib/ruby/gems/2.1.0/specifications/ffi-1.9.3.gemspec
I, [2014-05-04T16:55:36.152106 #27326]  INFO -- : 0:  formatador (0.2.4) from /home/lxsameer/.rbenv/versions/2.1.0/lib/ruby/gems/2.1.0/specifications/formatador-0.2.4.gemspec
I, [2014-05-04T16:55:36.152668 #27326]  INFO -- : 0:  thor (0.19.1) from /home/lxsameer/.rbenv/versions/2.1.0/lib/ruby/gems/2.1.0/specifications/thor-0.19.1.gemspec
I, [2014-05-04T16:55:36.153217 #27326]  INFO -- : 0:  foundation (1.0.4) from /home/lxsameer/.rbenv/versions/2.1.0/lib/ruby/gems/2.1.0/specifications/foundation-1.0.4.gemspec
I, [2014-05-04T16:55:36.153755 #27326]  INFO -- : 0:  rb-fsevent (0.9.4) from /home/lxsameer/.rbenv/versions/2.1.0/lib/ruby/gems/2.1.0/specifications/rb-fsevent-0.9.4.gemspec
I, [2014-05-04T16:55:36.156163 #27326]  INFO -- : 0:  rb-inotify (0.9.4) from /home/lxsameer/.rbenv/versions/2.1.0/lib/ruby/gems/2.1.0/specifications/rb-inotify-0.9.4.gemspec
I, [2014-05-04T16:55:36.156518 #27326]  INFO -- : 0:  rb-kqueue (0.2.2) from /home/lxsameer/.rbenv/versions/2.1.0/lib/ruby/gems/2.1.0/specifications/rb-kqueue-0.2.2.gemspec
I, [2014-05-04T16:55:36.156888 #27326]  INFO -- : 0:  listen (1.3.1) from /home/lxsameer/.rbenv/versions/2.1.0/lib/ruby/gems/2.1.0/specifications/listen-1.3.1.gemspec
I, [2014-05-04T16:55:36.157208 #27326]  INFO -- : 0:  lumberjack (1.0.5) from /home/lxsameer/.rbenv/versions/2.1.0/lib/ruby/gems/2.1.0/specifications/lumberjack-1.0.5.gemspec
I, [2014-05-04T16:55:36.157555 #27326]  INFO -- : 0:  method_source (0.8.2) from /home/lxsameer/.rbenv/versions/2.1.0/lib/ruby/gems/2.1.0/specifications/method_source-0.8.2.gemspec
I, [2014-05-04T16:55:36.157886 #27326]  INFO -- : 0:  slop (3.5.0) from /home/lxsameer/.rbenv/versions/2.1.0/lib/ruby/gems/2.1.0/specifications/slop-3.5.0.gemspec
I, [2014-05-04T16:55:36.158252 #27326]  INFO -- : 0:  pry (0.9.12.6) from /home/lxsameer/.rbenv/versions/2.1.0/lib/ruby/gems/2.1.0/specifications/pry-0.9.12.6.gemspec
I, [2014-05-04T16:55:36.158577 #27326]  INFO -- : 0:  guard (1.8.3) from /home/lxsameer/.rbenv/versions/2.1.0/lib/ruby/gems/2.1.0/specifications/guard-1.8.3.gemspec
I, [2014-05-04T16:55:36.158909 #27326]  INFO -- : 0:  liquid (2.5.5) from /home/lxsameer/.rbenv/versions/2.1.0/lib/ruby/gems/2.1.0/specifications/liquid-2.5.5.gemspec
I, [2014-05-04T16:55:36.159231 #27326]  INFO -- : 0:  maruku (0.7.0) from /home/lxsameer/.rbenv/versions/2.1.0/lib/ruby/gems/2.1.0/specifications/maruku-0.7.0.gemspec
I, [2014-05-04T16:55:36.159547 #27326]  INFO -- : 0:  posix-spawn (0.3.8) from /home/lxsameer/.rbenv/versions/2.1.0/lib/ruby/gems/2.1.0/specifications/posix-spawn-0.3.8.gemspec
I, [2014-05-04T16:55:36.160000 #27326]  INFO -- : 0:  yajl-ruby (1.1.0) from /home/lxsameer/.rbenv/versions/2.1.0/lib/ruby/gems/2.1.0/specifications/yajl-ruby-1.1.0.gemspec
I, [2014-05-04T16:55:36.160476 #27326]  INFO -- : 0:  pygments.rb (0.5.4) from /home/lxsameer/.rbenv/versions/2.1.0/lib/ruby/gems/2.1.0/specifications/pygments.rb-0.5.4.gemspec
I, [2014-05-04T16:55:36.161102 #27326]  INFO -- : 0:  redcarpet (2.3.0) from /home/lxsameer/.rbenv/versions/2.1.0/lib/ruby/gems/2.1.0/specifications/redcarpet-2.3.0.gemspec
I, [2014-05-04T16:55:36.161749 #27326]  INFO -- : 0:  safe_yaml (1.0.3) from /home/lxsameer/.rbenv/versions/2.1.0/lib/ruby/gems/2.1.0/specifications/safe_yaml-1.0.3.gemspec
I, [2014-05-04T16:55:36.162339 #27326]  INFO -- : 0:  parslet (1.5.0) from /home/lxsameer/.rbenv/versions/2.1.0/lib/ruby/gems/2.1.0/specifications/parslet-1.5.0.gemspec
I, [2014-05-04T16:55:36.162867 #27326]  INFO -- : 0:  toml (0.1.1) from /home/lxsameer/.rbenv/versions/2.1.0/lib/ruby/gems/2.1.0/specifications/toml-0.1.1.gemspec
I, [2014-05-04T16:55:36.163247 #27326]  INFO -- : 0:  jekyll (1.5.1) from /home/lxsameer/.rbenv/versions/2.1.0/lib/ruby/gems/2.1.0/specifications/jekyll-1.5.1.gemspec
I, [2014-05-04T16:55:36.289562 #27326]  INFO -- : 0:  guard-jekyll-plus (1.4.10) from /home/lxsameer/.rbenv/versions/2.1.0/lib/ruby/gems/2.1.0/bundler/gems/guard-jekyll-plus-a847946d4611/guard-jekyll-plus.gemspec
I, [2014-05-04T16:55:36.290257 #27326]  INFO -- : 0:  multi_json (1.9.3) from /home/lxsameer/.rbenv/versions/2.1.0/lib/ruby/gems/2.1.0/specifications/multi_json-1.9.3.gemspec
I, [2014-05-04T16:55:36.290594 #27326]  INFO -- : 0:  guard-livereload (1.4.0) from /home/lxsameer/.rbenv/versions/2.1.0/lib/ruby/gems/2.1.0/specifications/guard-livereload-1.4.0.gemspec
I, [2014-05-04T16:55:36.290933 #27326]  INFO -- : 0:  hike (1.2.3) from /home/lxsameer/.rbenv/versions/2.1.0/lib/ruby/gems/2.1.0/specifications/hike-1.2.3.gemspec
I, [2014-05-04T16:55:36.291260 #27326]  INFO -- : 0:  rack (1.5.2) from /home/lxsameer/.rbenv/versions/2.1.0/lib/ruby/gems/2.1.0/specifications/rack-1.5.2.gemspec
I, [2014-05-04T16:55:36.291628 #27326]  INFO -- : 0:  tilt (1.4.1) from /home/lxsameer/.rbenv/versions/2.1.0/lib/ruby/gems/2.1.0/specifications/tilt-1.4.1.gemspec
I, [2014-05-04T16:55:36.292018 #27326]  INFO -- : 0:  sprockets (2.12.1) from /home/lxsameer/.rbenv/versions/2.1.0/lib/ruby/gems/2.1.0/specifications/sprockets-2.12.1.gemspec
I, [2014-05-04T16:55:36.292327 #27326]  INFO -- : 0:  jekyll-assets (0.7.7) from /home/lxsameer/.rbenv/versions/2.1.0/lib/ruby/gems/2.1.0/specifications/jekyll-assets-0.7.7.gemspec
I, [2014-05-04T16:55:36.292636 #27326]  INFO -- : 0:  json (1.8.1) from /home/lxsameer/.rbenv/versions/2.1.0/lib/ruby/gems/2.1.0/specifications/default/json-1.8.1.gemspec
I, [2014-05-04T16:55:36.293013 #27326]  INFO -- : 0:  puma (2.8.2) from /home/lxsameer/.rbenv/versions/2.1.0/lib/ruby/gems/2.1.0/specifications/puma-2.8.2.gemspec
I, [2014-05-04T16:55:36.293324 #27326]  INFO -- : 0:  rack-contrib (1.1.0) from /home/lxsameer/.rbenv/versions/2.1.0/lib/ruby/gems/2.1.0/specifications/rack-contrib-1.1.0.gemspec
I, [2014-05-04T16:55:36.293635 #27326]  INFO -- : 0:  rack-rewrite (1.5.0) from /home/lxsameer/.rbenv/versions/2.1.0/lib/ruby/gems/2.1.0/specifications/rack-rewrite-1.5.0.gemspec
I, [2014-05-04T16:55:36.294005 #27326]  INFO -- : 0:  uglifier (2.5.0) from /home/lxsameer/.rbenv/versions/2.1.0/lib/ruby/gems/2.1.0/specifications/uglifier-2.5.0.gemspec
I, [2014-05-04T16:55:36.294349 #27326]  INFO -- : 0:  bundler (1.5.1) from /home/lxsameer/.rbenv/versions/2.1.0/lib/ruby/gems/2.1.0/specifications/bundler-1.5.1.gemspec
I, [2014-05-04T17:08:11.736531 #30094]  INFO -- : 0:  rake (10.3.1) from /home/lxsameer/.rbenv/versions/2.1.0/lib/ruby/gems/2.1.0/specifications/rake-10.3.1.gemspec
I, [2014-05-04T17:08:11.737105 #30094]  INFO -- : 0:  i18n (0.6.9) from /home/lxsameer/.rbenv/versions/2.1.0/lib/ruby/gems/2.1.0/specifications/i18n-0.6.9.gemspec
I, [2014-05-04T17:08:11.737465 #30094]  INFO -- : 0:  json (1.8.1) from /home/lxsameer/.rbenv/versions/2.1.0/lib/ruby/gems/2.1.0/specifications/default/json-1.8.1.gemspec
I, [2014-05-04T17:08:11.737940 #30094]  INFO -- : 0:  minitest (5.3.2) from /home/lxsameer/.rbenv/versions/2.1.0/lib/ruby/gems/2.1.0/specifications/minitest-5.3.2.gemspec
I, [2014-05-04T17:08:11.738274 #30094]  INFO -- : 0:  thread_safe (0.3.3) from /home/lxsameer/.rbenv/versions/2.1.0/lib/ruby/gems/2.1.0/specifications/thread_safe-0.3.3.gemspec
I, [2014-05-04T17:08:11.738686 #30094]  INFO -- : 0:  tzinfo (1.1.0) from /home/lxsameer/.rbenv/versions/2.1.0/lib/ruby/gems/2.1.0/specifications/tzinfo-1.1.0.gemspec
I, [2014-05-04T17:08:11.739111 #30094]  INFO -- : 0:  activesupport (4.1.0) from /home/lxsameer/.rbenv/versions/2.1.0/lib/ruby/gems/2.1.0/specifications/activesupport-4.1.0.gemspec
I, [2014-05-04T17:08:11.739489 #30094]  INFO -- : 0:  builder (3.2.2) from /home/lxsameer/.rbenv/versions/2.1.0/lib/ruby/gems/2.1.0/specifications/builder-3.2.2.gemspec
I, [2014-05-04T17:08:11.739909 #30094]  INFO -- : 0:  erubis (2.7.0) from /home/lxsameer/.rbenv/versions/2.1.0/lib/ruby/gems/2.1.0/specifications/erubis-2.7.0.gemspec
I, [2014-05-04T17:08:11.740264 #30094]  INFO -- : 0:  actionview (4.1.0) from /home/lxsameer/.rbenv/versions/2.1.0/lib/ruby/gems/2.1.0/specifications/actionview-4.1.0.gemspec
I, [2014-05-04T17:08:11.740644 #30094]  INFO -- : 0:  rack (1.5.2) from /home/lxsameer/.rbenv/versions/2.1.0/lib/ruby/gems/2.1.0/specifications/rack-1.5.2.gemspec
I, [2014-05-04T17:08:11.741026 #30094]  INFO -- : 0:  rack-test (0.6.2) from /home/lxsameer/.rbenv/versions/2.1.0/lib/ruby/gems/2.1.0/specifications/rack-test-0.6.2.gemspec
I, [2014-05-04T17:08:11.744770 #30094]  INFO -- : 0:  actionpack (4.1.0) from /home/lxsameer/.rbenv/versions/2.1.0/lib/ruby/gems/2.1.0/specifications/actionpack-4.1.0.gemspec
I, [2014-05-04T17:08:11.745435 #30094]  INFO -- : 0:  blankslate (2.1.2.4) from /home/lxsameer/.rbenv/versions/2.1.0/lib/ruby/gems/2.1.0/specifications/blankslate-2.1.2.4.gemspec
I, [2014-05-04T17:08:11.746021 #30094]  INFO -- : 0:  chunky_png (1.3.1) from /home/lxsameer/.rbenv/versions/2.1.0/lib/ruby/gems/2.1.0/specifications/chunky_png-1.3.1.gemspec
I, [2014-05-04T17:08:11.746563 #30094]  INFO -- : 0:  fast-stemmer (1.0.2) from /home/lxsameer/.rbenv/versions/2.1.0/lib/ruby/gems/2.1.0/specifications/fast-stemmer-1.0.2.gemspec
I, [2014-05-04T17:08:11.747162 #30094]  INFO -- : 0:  classifier (1.3.4) from /home/lxsameer/.rbenv/versions/2.1.0/lib/ruby/gems/2.1.0/specifications/classifier-1.3.4.gemspec
I, [2014-05-04T17:08:11.747774 #30094]  INFO -- : 0:  coderay (1.1.0) from /home/lxsameer/.rbenv/versions/2.1.0/lib/ruby/gems/2.1.0/specifications/coderay-1.1.0.gemspec
I, [2014-05-04T17:08:11.748358 #30094]  INFO -- : 0:  colorator (0.1) from /home/lxsameer/.rbenv/versions/2.1.0/lib/ruby/gems/2.1.0/specifications/colorator-0.1.gemspec
I, [2014-05-04T17:08:11.748733 #30094]  INFO -- : 0:  highline (1.6.21) from /home/lxsameer/.rbenv/versions/2.1.0/lib/ruby/gems/2.1.0/specifications/highline-1.6.21.gemspec
I, [2014-05-04T17:08:11.749094 #30094]  INFO -- : 0:  commander (4.1.6) from /home/lxsameer/.rbenv/versions/2.1.0/lib/ruby/gems/2.1.0/specifications/commander-4.1.6.gemspec
I, [2014-05-04T17:08:11.749449 #30094]  INFO -- : 0:  fssm (0.2.10) from /home/lxsameer/.rbenv/versions/2.1.0/lib/ruby/gems/2.1.0/specifications/fssm-0.2.10.gemspec
I, [2014-05-04T17:08:11.749847 #30094]  INFO -- : 0:  sass (3.2.19) from /home/lxsameer/.rbenv/versions/2.1.0/lib/ruby/gems/2.1.0/specifications/sass-3.2.19.gemspec
I, [2014-05-04T17:08:11.750388 #30094]  INFO -- : 0:  compass (0.12.6) from /home/lxsameer/.rbenv/versions/2.1.0/lib/ruby/gems/2.1.0/specifications/compass-0.12.6.gemspec
I, [2014-05-04T17:08:11.750761 #30094]  INFO -- : 0:  eventmachine (1.0.3) from /home/lxsameer/.rbenv/versions/2.1.0/lib/ruby/gems/2.1.0/specifications/eventmachine-1.0.3.gemspec
I, [2014-05-04T17:08:11.751134 #30094]  INFO -- : 0:  http_parser.rb (0.6.0) from /home/lxsameer/.rbenv/versions/2.1.0/lib/ruby/gems/2.1.0/specifications/http_parser.rb-0.6.0.gemspec
I, [2014-05-04T17:08:11.751511 #30094]  INFO -- : 0:  em-websocket (0.5.1) from /home/lxsameer/.rbenv/versions/2.1.0/lib/ruby/gems/2.1.0/specifications/em-websocket-0.5.1.gemspec
I, [2014-05-04T17:08:11.751920 #30094]  INFO -- : 0:  execjs (2.0.2) from /home/lxsameer/.rbenv/versions/2.1.0/lib/ruby/gems/2.1.0/specifications/execjs-2.0.2.gemspec
I, [2014-05-04T17:08:11.752293 #30094]  INFO -- : 0:  ffi (1.9.3) from /home/lxsameer/.rbenv/versions/2.1.0/lib/ruby/gems/2.1.0/specifications/ffi-1.9.3.gemspec
I, [2014-05-04T17:08:11.752657 #30094]  INFO -- : 0:  formatador (0.2.4) from /home/lxsameer/.rbenv/versions/2.1.0/lib/ruby/gems/2.1.0/specifications/formatador-0.2.4.gemspec
I, [2014-05-04T17:08:11.753022 #30094]  INFO -- : 0:  thor (0.19.1) from /home/lxsameer/.rbenv/versions/2.1.0/lib/ruby/gems/2.1.0/specifications/thor-0.19.1.gemspec
I, [2014-05-04T17:08:11.753380 #30094]  INFO -- : 0:  railties (4.1.0) from /home/lxsameer/.rbenv/versions/2.1.0/lib/ruby/gems/2.1.0/specifications/railties-4.1.0.gemspec
I, [2014-05-04T17:08:11.753758 #30094]  INFO -- : 0:  foundation-rails (5.2.2.0) from /home/lxsameer/.rbenv/versions/2.1.0/lib/ruby/gems/2.1.0/specifications/foundation-rails-5.2.2.0.gemspec
I, [2014-05-04T17:08:11.754137 #30094]  INFO -- : 0:  rb-fsevent (0.9.4) from /home/lxsameer/.rbenv/versions/2.1.0/lib/ruby/gems/2.1.0/specifications/rb-fsevent-0.9.4.gemspec
I, [2014-05-04T17:08:11.754429 #30094]  INFO -- : 0:  rb-inotify (0.9.4) from /home/lxsameer/.rbenv/versions/2.1.0/lib/ruby/gems/2.1.0/specifications/rb-inotify-0.9.4.gemspec
I, [2014-05-04T17:08:11.754785 #30094]  INFO -- : 0:  rb-kqueue (0.2.2) from /home/lxsameer/.rbenv/versions/2.1.0/lib/ruby/gems/2.1.0/specifications/rb-kqueue-0.2.2.gemspec
I, [2014-05-04T17:08:11.755151 #30094]  INFO -- : 0:  listen (1.3.1) from /home/lxsameer/.rbenv/versions/2.1.0/lib/ruby/gems/2.1.0/specifications/listen-1.3.1.gemspec
I, [2014-05-04T17:08:11.755500 #30094]  INFO -- : 0:  lumberjack (1.0.5) from /home/lxsameer/.rbenv/versions/2.1.0/lib/ruby/gems/2.1.0/specifications/lumberjack-1.0.5.gemspec
I, [2014-05-04T17:08:11.755859 #30094]  INFO -- : 0:  method_source (0.8.2) from /home/lxsameer/.rbenv/versions/2.1.0/lib/ruby/gems/2.1.0/specifications/method_source-0.8.2.gemspec
I, [2014-05-04T17:08:11.756224 #30094]  INFO -- : 0:  slop (3.5.0) from /home/lxsameer/.rbenv/versions/2.1.0/lib/ruby/gems/2.1.0/specifications/slop-3.5.0.gemspec
I, [2014-05-04T17:08:11.756593 #30094]  INFO -- : 0:  pry (0.9.12.6) from /home/lxsameer/.rbenv/versions/2.1.0/lib/ruby/gems/2.1.0/specifications/pry-0.9.12.6.gemspec
I, [2014-05-04T17:08:11.756954 #30094]  INFO -- : 0:  guard (1.8.3) from /home/lxsameer/.rbenv/versions/2.1.0/lib/ruby/gems/2.1.0/specifications/guard-1.8.3.gemspec
I, [2014-05-04T17:08:11.757302 #30094]  INFO -- : 0:  liquid (2.5.5) from /home/lxsameer/.rbenv/versions/2.1.0/lib/ruby/gems/2.1.0/specifications/liquid-2.5.5.gemspec
I, [2014-05-04T17:08:11.757706 #30094]  INFO -- : 0:  maruku (0.7.0) from /home/lxsameer/.rbenv/versions/2.1.0/lib/ruby/gems/2.1.0/specifications/maruku-0.7.0.gemspec
I, [2014-05-04T17:08:11.758081 #30094]  INFO -- : 0:  posix-spawn (0.3.8) from /home/lxsameer/.rbenv/versions/2.1.0/lib/ruby/gems/2.1.0/specifications/posix-spawn-0.3.8.gemspec
I, [2014-05-04T17:08:11.758498 #30094]  INFO -- : 0:  yajl-ruby (1.1.0) from /home/lxsameer/.rbenv/versions/2.1.0/lib/ruby/gems/2.1.0/specifications/yajl-ruby-1.1.0.gemspec
I, [2014-05-04T17:08:11.758856 #30094]  INFO -- : 0:  pygments.rb (0.5.4) from /home/lxsameer/.rbenv/versions/2.1.0/lib/ruby/gems/2.1.0/specifications/pygments.rb-0.5.4.gemspec
I, [2014-05-04T17:08:11.759227 #30094]  INFO -- : 0:  redcarpet (2.3.0) from /home/lxsameer/.rbenv/versions/2.1.0/lib/ruby/gems/2.1.0/specifications/redcarpet-2.3.0.gemspec
I, [2014-05-04T17:08:11.759604 #30094]  INFO -- : 0:  safe_yaml (1.0.3) from /home/lxsameer/.rbenv/versions/2.1.0/lib/ruby/gems/2.1.0/specifications/safe_yaml-1.0.3.gemspec
I, [2014-05-04T17:08:11.759972 #30094]  INFO -- : 0:  parslet (1.5.0) from /home/lxsameer/.rbenv/versions/2.1.0/lib/ruby/gems/2.1.0/specifications/parslet-1.5.0.gemspec
I, [2014-05-04T17:08:11.760346 #30094]  INFO -- : 0:  toml (0.1.1) from /home/lxsameer/.rbenv/versions/2.1.0/lib/ruby/gems/2.1.0/specifications/toml-0.1.1.gemspec
I, [2014-05-04T17:08:11.760752 #30094]  INFO -- : 0:  jekyll (1.5.1) from /home/lxsameer/.rbenv/versions/2.1.0/lib/ruby/gems/2.1.0/specifications/jekyll-1.5.1.gemspec
I, [2014-05-04T17:08:11.804628 #30094]  INFO -- : 0:  guard-jekyll-plus (1.4.10) from /home/lxsameer/.rbenv/versions/2.1.0/lib/ruby/gems/2.1.0/bundler/gems/guard-jekyll-plus-a847946d4611/guard-jekyll-plus.gemspec
I, [2014-05-04T17:08:11.805217 #30094]  INFO -- : 0:  multi_json (1.9.3) from /home/lxsameer/.rbenv/versions/2.1.0/lib/ruby/gems/2.1.0/specifications/multi_json-1.9.3.gemspec
I, [2014-05-04T17:08:11.805589 #30094]  INFO -- : 0:  guard-livereload (1.4.0) from /home/lxsameer/.rbenv/versions/2.1.0/lib/ruby/gems/2.1.0/specifications/guard-livereload-1.4.0.gemspec
I, [2014-05-04T17:08:11.805949 #30094]  INFO -- : 0:  hike (1.2.3) from /home/lxsameer/.rbenv/versions/2.1.0/lib/ruby/gems/2.1.0/specifications/hike-1.2.3.gemspec
I, [2014-05-04T17:08:11.806336 #30094]  INFO -- : 0:  tilt (1.4.1) from /home/lxsameer/.rbenv/versions/2.1.0/lib/ruby/gems/2.1.0/specifications/tilt-1.4.1.gemspec
I, [2014-05-04T17:08:11.806734 #30094]  INFO -- : 0:  sprockets (2.12.1) from /home/lxsameer/.rbenv/versions/2.1.0/lib/ruby/gems/2.1.0/specifications/sprockets-2.12.1.gemspec
I, [2014-05-04T17:08:11.807100 #30094]  INFO -- : 0:  jekyll-assets (0.7.7) from /home/lxsameer/.rbenv/versions/2.1.0/lib/ruby/gems/2.1.0/specifications/jekyll-assets-0.7.7.gemspec
I, [2014-05-04T17:08:11.807468 #30094]  INFO -- : 0:  puma (2.8.2) from /home/lxsameer/.rbenv/versions/2.1.0/lib/ruby/gems/2.1.0/specifications/puma-2.8.2.gemspec
I, [2014-05-04T17:08:11.807878 #30094]  INFO -- : 0:  rack-contrib (1.1.0) from /home/lxsameer/.rbenv/versions/2.1.0/lib/ruby/gems/2.1.0/specifications/rack-contrib-1.1.0.gemspec
I, [2014-05-04T17:08:11.808255 #30094]  INFO -- : 0:  rack-rewrite (1.5.0) from /home/lxsameer/.rbenv/versions/2.1.0/lib/ruby/gems/2.1.0/specifications/rack-rewrite-1.5.0.gemspec
I, [2014-05-04T17:08:11.808611 #30094]  INFO -- : 0:  uglifier (2.5.0) from /home/lxsameer/.rbenv/versions/2.1.0/lib/ruby/gems/2.1.0/specifications/uglifier-2.5.0.gemspec
I, [2014-05-04T17:08:11.808936 #30094]  INFO -- : 0:  bundler (1.5.1) from /home/lxsameer/.rbenv/versions/2.1.0/lib/ruby/gems/2.1.0/specifications/bundler-1.5.1.gemspec
I, [2014-05-04T17:08:35.327162 #30257]  INFO -- : 0:  rake (10.3.1) from /home/lxsameer/.rbenv/versions/2.1.0/lib/ruby/gems/2.1.0/specifications/rake-10.3.1.gemspec
I, [2014-05-04T17:08:35.327832 #30257]  INFO -- : 0:  blankslate (2.1.2.4) from /home/lxsameer/.rbenv/versions/2.1.0/lib/ruby/gems/2.1.0/specifications/blankslate-2.1.2.4.gemspec
I, [2014-05-04T17:08:35.328245 #30257]  INFO -- : 0:  chunky_png (1.3.1) from /home/lxsameer/.rbenv/versions/2.1.0/lib/ruby/gems/2.1.0/specifications/chunky_png-1.3.1.gemspec
I, [2014-05-04T17:08:35.328633 #30257]  INFO -- : 0:  fast-stemmer (1.0.2) from /home/lxsameer/.rbenv/versions/2.1.0/lib/ruby/gems/2.1.0/specifications/fast-stemmer-1.0.2.gemspec
I, [2014-05-04T17:08:35.329035 #30257]  INFO -- : 0:  classifier (1.3.4) from /home/lxsameer/.rbenv/versions/2.1.0/lib/ruby/gems/2.1.0/specifications/classifier-1.3.4.gemspec
I, [2014-05-04T17:08:35.329392 #30257]  INFO -- : 0:  coderay (1.1.0) from /home/lxsameer/.rbenv/versions/2.1.0/lib/ruby/gems/2.1.0/specifications/coderay-1.1.0.gemspec
I, [2014-05-04T17:08:35.329758 #30257]  INFO -- : 0:  colorator (0.1) from /home/lxsameer/.rbenv/versions/2.1.0/lib/ruby/gems/2.1.0/specifications/colorator-0.1.gemspec
I, [2014-05-04T17:08:35.330086 #30257]  INFO -- : 0:  highline (1.6.21) from /home/lxsameer/.rbenv/versions/2.1.0/lib/ruby/gems/2.1.0/specifications/highline-1.6.21.gemspec
I, [2014-05-04T17:08:35.330405 #30257]  INFO -- : 0:  commander (4.1.6) from /home/lxsameer/.rbenv/versions/2.1.0/lib/ruby/gems/2.1.0/specifications/commander-4.1.6.gemspec
I, [2014-05-04T17:08:35.330739 #30257]  INFO -- : 0:  fssm (0.2.10) from /home/lxsameer/.rbenv/versions/2.1.0/lib/ruby/gems/2.1.0/specifications/fssm-0.2.10.gemspec
I, [2014-05-04T17:08:35.331132 #30257]  INFO -- : 0:  sass (3.2.19) from /home/lxsameer/.rbenv/versions/2.1.0/lib/ruby/gems/2.1.0/specifications/sass-3.2.19.gemspec
I, [2014-05-04T17:08:35.331497 #30257]  INFO -- : 0:  compass (0.12.6) from /home/lxsameer/.rbenv/versions/2.1.0/lib/ruby/gems/2.1.0/specifications/compass-0.12.6.gemspec
I, [2014-05-04T17:08:35.331858 #30257]  INFO -- : 0:  eventmachine (1.0.3) from /home/lxsameer/.rbenv/versions/2.1.0/lib/ruby/gems/2.1.0/specifications/eventmachine-1.0.3.gemspec
I, [2014-05-04T17:08:35.332180 #30257]  INFO -- : 0:  http_parser.rb (0.6.0) from /home/lxsameer/.rbenv/versions/2.1.0/lib/ruby/gems/2.1.0/specifications/http_parser.rb-0.6.0.gemspec
I, [2014-05-04T17:08:35.332536 #30257]  INFO -- : 0:  em-websocket (0.5.1) from /home/lxsameer/.rbenv/versions/2.1.0/lib/ruby/gems/2.1.0/specifications/em-websocket-0.5.1.gemspec
I, [2014-05-04T17:08:35.332866 #30257]  INFO -- : 0:  execjs (2.0.2) from /home/lxsameer/.rbenv/versions/2.1.0/lib/ruby/gems/2.1.0/specifications/execjs-2.0.2.gemspec
I, [2014-05-04T17:08:35.333221 #30257]  INFO -- : 0:  ffi (1.9.3) from /home/lxsameer/.rbenv/versions/2.1.0/lib/ruby/gems/2.1.0/specifications/ffi-1.9.3.gemspec
I, [2014-05-04T17:08:35.333541 #30257]  INFO -- : 0:  formatador (0.2.4) from /home/lxsameer/.rbenv/versions/2.1.0/lib/ruby/gems/2.1.0/specifications/formatador-0.2.4.gemspec
I, [2014-05-04T17:08:35.333868 #30257]  INFO -- : 0:  thor (0.19.1) from /home/lxsameer/.rbenv/versions/2.1.0/lib/ruby/gems/2.1.0/specifications/thor-0.19.1.gemspec
I, [2014-05-04T17:08:35.334244 #30257]  INFO -- : 0:  foundation (1.0.4) from /home/lxsameer/.rbenv/versions/2.1.0/lib/ruby/gems/2.1.0/specifications/foundation-1.0.4.gemspec
I, [2014-05-04T17:08:35.334577 #30257]  INFO -- : 0:  rb-fsevent (0.9.4) from /home/lxsameer/.rbenv/versions/2.1.0/lib/ruby/gems/2.1.0/specifications/rb-fsevent-0.9.4.gemspec
I, [2014-05-04T17:08:35.334927 #30257]  INFO -- : 0:  rb-inotify (0.9.4) from /home/lxsameer/.rbenv/versions/2.1.0/lib/ruby/gems/2.1.0/specifications/rb-inotify-0.9.4.gemspec
I, [2014-05-04T17:08:35.335475 #30257]  INFO -- : 0:  rb-kqueue (0.2.2) from /home/lxsameer/.rbenv/versions/2.1.0/lib/ruby/gems/2.1.0/specifications/rb-kqueue-0.2.2.gemspec
I, [2014-05-04T17:08:35.336141 #30257]  INFO -- : 0:  listen (1.3.1) from /home/lxsameer/.rbenv/versions/2.1.0/lib/ruby/gems/2.1.0/specifications/listen-1.3.1.gemspec
I, [2014-05-04T17:08:35.336685 #30257]  INFO -- : 0:  lumberjack (1.0.5) from /home/lxsameer/.rbenv/versions/2.1.0/lib/ruby/gems/2.1.0/specifications/lumberjack-1.0.5.gemspec
I, [2014-05-04T17:08:35.337064 #30257]  INFO -- : 0:  method_source (0.8.2) from /home/lxsameer/.rbenv/versions/2.1.0/lib/ruby/gems/2.1.0/specifications/method_source-0.8.2.gemspec
I, [2014-05-04T17:08:35.337409 #30257]  INFO -- : 0:  slop (3.5.0) from /home/lxsameer/.rbenv/versions/2.1.0/lib/ruby/gems/2.1.0/specifications/slop-3.5.0.gemspec
I, [2014-05-04T17:08:35.337752 #30257]  INFO -- : 0:  pry (0.9.12.6) from /home/lxsameer/.rbenv/versions/2.1.0/lib/ruby/gems/2.1.0/specifications/pry-0.9.12.6.gemspec
I, [2014-05-04T17:08:35.338171 #30257]  INFO -- : 0:  guard (1.8.3) from /home/lxsameer/.rbenv/versions/2.1.0/lib/ruby/gems/2.1.0/specifications/guard-1.8.3.gemspec
I, [2014-05-04T17:08:35.338558 #30257]  INFO -- : 0:  liquid (2.5.5) from /home/lxsameer/.rbenv/versions/2.1.0/lib/ruby/gems/2.1.0/specifications/liquid-2.5.5.gemspec
I, [2014-05-04T17:08:35.338951 #30257]  INFO -- : 0:  maruku (0.7.0) from /home/lxsameer/.rbenv/versions/2.1.0/lib/ruby/gems/2.1.0/specifications/maruku-0.7.0.gemspec
I, [2014-05-04T17:08:35.339339 #30257]  INFO -- : 0:  posix-spawn (0.3.8) from /home/lxsameer/.rbenv/versions/2.1.0/lib/ruby/gems/2.1.0/specifications/posix-spawn-0.3.8.gemspec
I, [2014-05-04T17:08:35.339791 #30257]  INFO -- : 0:  yajl-ruby (1.1.0) from /home/lxsameer/.rbenv/versions/2.1.0/lib/ruby/gems/2.1.0/specifications/yajl-ruby-1.1.0.gemspec
I, [2014-05-04T17:08:35.340169 #30257]  INFO -- : 0:  pygments.rb (0.5.4) from /home/lxsameer/.rbenv/versions/2.1.0/lib/ruby/gems/2.1.0/specifications/pygments.rb-0.5.4.gemspec
I, [2014-05-04T17:08:35.340543 #30257]  INFO -- : 0:  redcarpet (2.3.0) from /home/lxsameer/.rbenv/versions/2.1.0/lib/ruby/gems/2.1.0/specifications/redcarpet-2.3.0.gemspec
I, [2014-05-04T17:08:35.344462 #30257]  INFO -- : 0:  safe_yaml (1.0.3) from /home/lxsameer/.rbenv/versions/2.1.0/lib/ruby/gems/2.1.0/specifications/safe_yaml-1.0.3.gemspec
I, [2014-05-04T17:08:35.344893 #30257]  INFO -- : 0:  parslet (1.5.0) from /home/lxsameer/.rbenv/versions/2.1.0/lib/ruby/gems/2.1.0/specifications/parslet-1.5.0.gemspec
I, [2014-05-04T17:08:35.345316 #30257]  INFO -- : 0:  toml (0.1.1) from /home/lxsameer/.rbenv/versions/2.1.0/lib/ruby/gems/2.1.0/specifications/toml-0.1.1.gemspec
I, [2014-05-04T17:08:35.345686 #30257]  INFO -- : 0:  jekyll (1.5.1) from /home/lxsameer/.rbenv/versions/2.1.0/lib/ruby/gems/2.1.0/specifications/jekyll-1.5.1.gemspec
I, [2014-05-04T17:08:35.391261 #30257]  INFO -- : 0:  guard-jekyll-plus (1.4.10) from /home/lxsameer/.rbenv/versions/2.1.0/lib/ruby/gems/2.1.0/bundler/gems/guard-jekyll-plus-a847946d4611/guard-jekyll-plus.gemspec
I, [2014-05-04T17:08:35.391886 #30257]  INFO -- : 0:  multi_json (1.9.3) from /home/lxsameer/.rbenv/versions/2.1.0/lib/ruby/gems/2.1.0/specifications/multi_json-1.9.3.gemspec
I, [2014-05-04T17:08:35.392308 #30257]  INFO -- : 0:  guard-livereload (1.4.0) from /home/lxsameer/.rbenv/versions/2.1.0/lib/ruby/gems/2.1.0/specifications/guard-livereload-1.4.0.gemspec
I, [2014-05-04T17:08:35.392723 #30257]  INFO -- : 0:  hike (1.2.3) from /home/lxsameer/.rbenv/versions/2.1.0/lib/ruby/gems/2.1.0/specifications/hike-1.2.3.gemspec
I, [2014-05-04T17:08:35.393076 #30257]  INFO -- : 0:  rack (1.5.2) from /home/lxsameer/.rbenv/versions/2.1.0/lib/ruby/gems/2.1.0/specifications/rack-1.5.2.gemspec
I, [2014-05-04T17:08:35.393430 #30257]  INFO -- : 0:  tilt (1.4.1) from /home/lxsameer/.rbenv/versions/2.1.0/lib/ruby/gems/2.1.0/specifications/tilt-1.4.1.gemspec
I, [2014-05-04T17:08:35.393811 #30257]  INFO -- : 0:  sprockets (2.12.1) from /home/lxsameer/.rbenv/versions/2.1.0/lib/ruby/gems/2.1.0/specifications/sprockets-2.12.1.gemspec
I, [2014-05-04T17:08:35.394194 #30257]  INFO -- : 0:  jekyll-assets (0.7.7) from /home/lxsameer/.rbenv/versions/2.1.0/lib/ruby/gems/2.1.0/specifications/jekyll-assets-0.7.7.gemspec
I, [2014-05-04T17:08:35.394517 #30257]  INFO -- : 0:  json (1.8.1) from /home/lxsameer/.rbenv/versions/2.1.0/lib/ruby/gems/2.1.0/specifications/default/json-1.8.1.gemspec
I, [2014-05-04T17:08:35.394969 #30257]  INFO -- : 0:  puma (2.8.2) from /home/lxsameer/.rbenv/versions/2.1.0/lib/ruby/gems/2.1.0/specifications/puma-2.8.2.gemspec
I, [2014-05-04T17:08:35.395349 #30257]  INFO -- : 0:  rack-contrib (1.1.0) from /home/lxsameer/.rbenv/versions/2.1.0/lib/ruby/gems/2.1.0/specifications/rack-contrib-1.1.0.gemspec
I, [2014-05-04T17:08:35.395676 #30257]  INFO -- : 0:  rack-rewrite (1.5.0) from /home/lxsameer/.rbenv/versions/2.1.0/lib/ruby/gems/2.1.0/specifications/rack-rewrite-1.5.0.gemspec
I, [2014-05-04T17:08:35.396057 #30257]  INFO -- : 0:  uglifier (2.5.0) from /home/lxsameer/.rbenv/versions/2.1.0/lib/ruby/gems/2.1.0/specifications/uglifier-2.5.0.gemspec
I, [2014-05-04T17:08:35.396375 #30257]  INFO -- : 0:  bundler (1.5.1) from /home/lxsameer/.rbenv/versions/2.1.0/lib/ruby/gems/2.1.0/specifications/bundler-1.5.1.gemspec
I, [2014-05-06T17:07:44.842249 #4501]  INFO -- : 0:  rake (10.3.1) from /home/lxsameer/.rbenv/versions/2.1.0/lib/ruby/gems/2.1.0/specifications/rake-10.3.1.gemspec
I, [2014-05-06T17:07:44.854053 #4501]  INFO -- : 0:  blankslate (2.1.2.4) from /home/lxsameer/.rbenv/versions/2.1.0/lib/ruby/gems/2.1.0/specifications/blankslate-2.1.2.4.gemspec
I, [2014-05-06T17:07:44.854888 #4501]  INFO -- : 0:  sass (3.2.19) from /home/lxsameer/.rbenv/versions/2.1.0/lib/ruby/gems/2.1.0/specifications/sass-3.2.19.gemspec
I, [2014-05-06T17:07:44.855357 #4501]  INFO -- : 0:  thor (0.19.1) from /home/lxsameer/.rbenv/versions/2.1.0/lib/ruby/gems/2.1.0/specifications/thor-0.19.1.gemspec
I, [2014-05-06T17:07:52.522847 #4501]  INFO -- : 0:  bourbon (3.2.1) from /home/lxsameer/.rbenv/versions/2.1.0/lib/ruby/gems/2.1.0/specifications/bourbon-3.2.1.gemspec
I, [2014-05-06T17:07:52.523828 #4501]  INFO -- : 0:  chunky_png (1.3.1) from /home/lxsameer/.rbenv/versions/2.1.0/lib/ruby/gems/2.1.0/specifications/chunky_png-1.3.1.gemspec
I, [2014-05-06T17:07:52.524650 #4501]  INFO -- : 0:  fast-stemmer (1.0.2) from /home/lxsameer/.rbenv/versions/2.1.0/lib/ruby/gems/2.1.0/specifications/fast-stemmer-1.0.2.gemspec
I, [2014-05-06T17:07:52.525336 #4501]  INFO -- : 0:  classifier (1.3.4) from /home/lxsameer/.rbenv/versions/2.1.0/lib/ruby/gems/2.1.0/specifications/classifier-1.3.4.gemspec
I, [2014-05-06T17:07:52.526001 #4501]  INFO -- : 0:  coderay (1.1.0) from /home/lxsameer/.rbenv/versions/2.1.0/lib/ruby/gems/2.1.0/specifications/coderay-1.1.0.gemspec
I, [2014-05-06T17:07:52.526689 #4501]  INFO -- : 0:  colorator (0.1) from /home/lxsameer/.rbenv/versions/2.1.0/lib/ruby/gems/2.1.0/specifications/colorator-0.1.gemspec
I, [2014-05-06T17:07:52.527305 #4501]  INFO -- : 0:  highline (1.6.21) from /home/lxsameer/.rbenv/versions/2.1.0/lib/ruby/gems/2.1.0/specifications/highline-1.6.21.gemspec
I, [2014-05-06T17:07:52.527676 #4501]  INFO -- : 0:  commander (4.1.6) from /home/lxsameer/.rbenv/versions/2.1.0/lib/ruby/gems/2.1.0/specifications/commander-4.1.6.gemspec
I, [2014-05-06T17:07:52.528030 #4501]  INFO -- : 0:  fssm (0.2.10) from /home/lxsameer/.rbenv/versions/2.1.0/lib/ruby/gems/2.1.0/specifications/fssm-0.2.10.gemspec
I, [2014-05-06T17:07:52.528416 #4501]  INFO -- : 0:  compass (0.12.6) from /home/lxsameer/.rbenv/versions/2.1.0/lib/ruby/gems/2.1.0/specifications/compass-0.12.6.gemspec
I, [2014-05-06T17:07:52.528832 #4501]  INFO -- : 0:  eventmachine (1.0.3) from /home/lxsameer/.rbenv/versions/2.1.0/lib/ruby/gems/2.1.0/specifications/eventmachine-1.0.3.gemspec
I, [2014-05-06T17:07:52.529219 #4501]  INFO -- : 0:  http_parser.rb (0.6.0) from /home/lxsameer/.rbenv/versions/2.1.0/lib/ruby/gems/2.1.0/specifications/http_parser.rb-0.6.0.gemspec
I, [2014-05-06T17:07:52.529589 #4501]  INFO -- : 0:  em-websocket (0.5.1) from /home/lxsameer/.rbenv/versions/2.1.0/lib/ruby/gems/2.1.0/specifications/em-websocket-0.5.1.gemspec
I, [2014-05-06T17:07:52.529989 #4501]  INFO -- : 0:  execjs (2.0.2) from /home/lxsameer/.rbenv/versions/2.1.0/lib/ruby/gems/2.1.0/specifications/execjs-2.0.2.gemspec
I, [2014-05-06T17:07:52.530355 #4501]  INFO -- : 0:  ffi (1.9.3) from /home/lxsameer/.rbenv/versions/2.1.0/lib/ruby/gems/2.1.0/specifications/ffi-1.9.3.gemspec
I, [2014-05-06T17:07:52.530751 #4501]  INFO -- : 0:  formatador (0.2.4) from /home/lxsameer/.rbenv/versions/2.1.0/lib/ruby/gems/2.1.0/specifications/formatador-0.2.4.gemspec
I, [2014-05-06T17:07:52.531130 #4501]  INFO -- : 0:  rb-fsevent (0.9.4) from /home/lxsameer/.rbenv/versions/2.1.0/lib/ruby/gems/2.1.0/specifications/rb-fsevent-0.9.4.gemspec
I, [2014-05-06T17:07:52.531517 #4501]  INFO -- : 0:  rb-inotify (0.9.4) from /home/lxsameer/.rbenv/versions/2.1.0/lib/ruby/gems/2.1.0/specifications/rb-inotify-0.9.4.gemspec
I, [2014-05-06T17:07:52.531890 #4501]  INFO -- : 0:  rb-kqueue (0.2.2) from /home/lxsameer/.rbenv/versions/2.1.0/lib/ruby/gems/2.1.0/specifications/rb-kqueue-0.2.2.gemspec
I, [2014-05-06T17:07:52.532268 #4501]  INFO -- : 0:  listen (1.3.1) from /home/lxsameer/.rbenv/versions/2.1.0/lib/ruby/gems/2.1.0/specifications/listen-1.3.1.gemspec
I, [2014-05-06T17:07:52.532727 #4501]  INFO -- : 0:  lumberjack (1.0.5) from /home/lxsameer/.rbenv/versions/2.1.0/lib/ruby/gems/2.1.0/specifications/lumberjack-1.0.5.gemspec
I, [2014-05-06T17:07:52.533122 #4501]  INFO -- : 0:  method_source (0.8.2) from /home/lxsameer/.rbenv/versions/2.1.0/lib/ruby/gems/2.1.0/specifications/method_source-0.8.2.gemspec
I, [2014-05-06T17:07:52.533543 #4501]  INFO -- : 0:  slop (3.5.0) from /home/lxsameer/.rbenv/versions/2.1.0/lib/ruby/gems/2.1.0/specifications/slop-3.5.0.gemspec
I, [2014-05-06T17:07:52.533922 #4501]  INFO -- : 0:  pry (0.9.12.6) from /home/lxsameer/.rbenv/versions/2.1.0/lib/ruby/gems/2.1.0/specifications/pry-0.9.12.6.gemspec
I, [2014-05-06T17:07:52.534341 #4501]  INFO -- : 0:  guard (1.8.3) from /home/lxsameer/.rbenv/versions/2.1.0/lib/ruby/gems/2.1.0/specifications/guard-1.8.3.gemspec
I, [2014-05-06T17:07:52.534759 #4501]  INFO -- : 0:  liquid (2.5.5) from /home/lxsameer/.rbenv/versions/2.1.0/lib/ruby/gems/2.1.0/specifications/liquid-2.5.5.gemspec
I, [2014-05-06T17:07:52.535148 #4501]  INFO -- : 0:  maruku (0.7.0) from /home/lxsameer/.rbenv/versions/2.1.0/lib/ruby/gems/2.1.0/specifications/maruku-0.7.0.gemspec
I, [2014-05-06T17:07:52.535524 #4501]  INFO -- : 0:  posix-spawn (0.3.8) from /home/lxsameer/.rbenv/versions/2.1.0/lib/ruby/gems/2.1.0/specifications/posix-spawn-0.3.8.gemspec
I, [2014-05-06T17:07:52.535898 #4501]  INFO -- : 0:  yajl-ruby (1.1.0) from /home/lxsameer/.rbenv/versions/2.1.0/lib/ruby/gems/2.1.0/specifications/yajl-ruby-1.1.0.gemspec
I, [2014-05-06T17:07:52.536237 #4501]  INFO -- : 0:  pygments.rb (0.5.4) from /home/lxsameer/.rbenv/versions/2.1.0/lib/ruby/gems/2.1.0/specifications/pygments.rb-0.5.4.gemspec
I, [2014-05-06T17:07:52.536610 #4501]  INFO -- : 0:  redcarpet (2.3.0) from /home/lxsameer/.rbenv/versions/2.1.0/lib/ruby/gems/2.1.0/specifications/redcarpet-2.3.0.gemspec
I, [2014-05-06T17:07:52.536989 #4501]  INFO -- : 0:  safe_yaml (1.0.3) from /home/lxsameer/.rbenv/versions/2.1.0/lib/ruby/gems/2.1.0/specifications/safe_yaml-1.0.3.gemspec
I, [2014-05-06T17:07:52.537352 #4501]  INFO -- : 0:  parslet (1.5.0) from /home/lxsameer/.rbenv/versions/2.1.0/lib/ruby/gems/2.1.0/specifications/parslet-1.5.0.gemspec
I, [2014-05-06T17:07:52.537731 #4501]  INFO -- : 0:  toml (0.1.1) from /home/lxsameer/.rbenv/versions/2.1.0/lib/ruby/gems/2.1.0/specifications/toml-0.1.1.gemspec
I, [2014-05-06T17:07:52.538107 #4501]  INFO -- : 0:  jekyll (1.5.1) from /home/lxsameer/.rbenv/versions/2.1.0/lib/ruby/gems/2.1.0/specifications/jekyll-1.5.1.gemspec
I, [2014-05-06T17:07:52.643258 #4501]  INFO -- : 0:  guard-jekyll-plus (1.4.10) from /home/lxsameer/.rbenv/versions/2.1.0/lib/ruby/gems/2.1.0/bundler/gems/guard-jekyll-plus-a847946d4611/guard-jekyll-plus.gemspec
I, [2014-05-06T17:07:52.644132 #4501]  INFO -- : 0:  multi_json (1.9.3) from /home/lxsameer/.rbenv/versions/2.1.0/lib/ruby/gems/2.1.0/specifications/multi_json-1.9.3.gemspec
I, [2014-05-06T17:07:52.644784 #4501]  INFO -- : 0:  guard-livereload (1.4.0) from /home/lxsameer/.rbenv/versions/2.1.0/lib/ruby/gems/2.1.0/specifications/guard-livereload-1.4.0.gemspec
I, [2014-05-06T17:07:52.645421 #4501]  INFO -- : 0:  hike (1.2.3) from /home/lxsameer/.rbenv/versions/2.1.0/lib/ruby/gems/2.1.0/specifications/hike-1.2.3.gemspec
I, [2014-05-06T17:07:52.646051 #4501]  INFO -- : 0:  rack (1.5.2) from /home/lxsameer/.rbenv/versions/2.1.0/lib/ruby/gems/2.1.0/specifications/rack-1.5.2.gemspec
I, [2014-05-06T17:07:52.646779 #4501]  INFO -- : 0:  tilt (1.4.1) from /home/lxsameer/.rbenv/versions/2.1.0/lib/ruby/gems/2.1.0/specifications/tilt-1.4.1.gemspec
I, [2014-05-06T17:07:52.647337 #4501]  INFO -- : 0:  sprockets (2.12.1) from /home/lxsameer/.rbenv/versions/2.1.0/lib/ruby/gems/2.1.0/specifications/sprockets-2.12.1.gemspec
I, [2014-05-06T17:07:52.647669 #4501]  INFO -- : 0:  jekyll-assets (0.7.7) from /home/lxsameer/.rbenv/versions/2.1.0/lib/ruby/gems/2.1.0/specifications/jekyll-assets-0.7.7.gemspec
I, [2014-05-06T17:07:52.647989 #4501]  INFO -- : 0:  json (1.8.1) from /home/lxsameer/.rbenv/versions/2.1.0/lib/ruby/gems/2.1.0/specifications/default/json-1.8.1.gemspec
I, [2014-05-06T17:07:52.648344 #4501]  INFO -- : 0:  puma (2.8.2) from /home/lxsameer/.rbenv/versions/2.1.0/lib/ruby/gems/2.1.0/specifications/puma-2.8.2.gemspec
I, [2014-05-06T17:07:52.648696 #4501]  INFO -- : 0:  rack-contrib (1.1.0) from /home/lxsameer/.rbenv/versions/2.1.0/lib/ruby/gems/2.1.0/specifications/rack-contrib-1.1.0.gemspec
I, [2014-05-06T17:07:52.649037 #4501]  INFO -- : 0:  rack-rewrite (1.5.0) from /home/lxsameer/.rbenv/versions/2.1.0/lib/ruby/gems/2.1.0/specifications/rack-rewrite-1.5.0.gemspec
I, [2014-05-06T17:07:52.649386 #4501]  INFO -- : 0:  uglifier (2.5.0) from /home/lxsameer/.rbenv/versions/2.1.0/lib/ruby/gems/2.1.0/specifications/uglifier-2.5.0.gemspec
I, [2014-05-06T17:07:52.649673 #4501]  INFO -- : 0:  bundler (1.5.1) from /home/lxsameer/.rbenv/versions/2.1.0/lib/ruby/gems/2.1.0/specifications/bundler-1.5.1.gemspec
I, [2014-05-06T17:16:30.913858 #6061]  INFO -- : 0:  rake (10.3.1) from /home/lxsameer/.rbenv/versions/2.1.0/lib/ruby/gems/2.1.0/specifications/rake-10.3.1.gemspec
I, [2014-05-06T17:16:30.914466 #6061]  INFO -- : 0:  sass (3.2.19) from /home/lxsameer/.rbenv/versions/2.1.0/lib/ruby/gems/2.1.0/specifications/sass-3.2.19.gemspec
I, [2014-05-06T17:16:30.914869 #6061]  INFO -- : 0:  thor (0.19.1) from /home/lxsameer/.rbenv/versions/2.1.0/lib/ruby/gems/2.1.0/specifications/thor-0.19.1.gemspec
I, [2014-05-06T17:16:30.915395 #6061]  INFO -- : 0:  bourbon (3.2.1) from /home/lxsameer/.rbenv/versions/2.1.0/lib/ruby/gems/2.1.0/specifications/bourbon-3.2.1.gemspec
I, [2014-05-06T17:16:37.861278 #6061]  INFO -- : 0:  bitters (0.9.3) from /home/lxsameer/.rbenv/versions/2.1.0/lib/ruby/gems/2.1.0/specifications/bitters-0.9.3.gemspec
I, [2014-05-06T17:16:37.862069 #6061]  INFO -- : 0:  blankslate (2.1.2.4) from /home/lxsameer/.rbenv/versions/2.1.0/lib/ruby/gems/2.1.0/specifications/blankslate-2.1.2.4.gemspec
I, [2014-05-06T17:16:37.862449 #6061]  INFO -- : 0:  chunky_png (1.3.1) from /home/lxsameer/.rbenv/versions/2.1.0/lib/ruby/gems/2.1.0/specifications/chunky_png-1.3.1.gemspec
I, [2014-05-06T17:16:37.862773 #6061]  INFO -- : 0:  fast-stemmer (1.0.2) from /home/lxsameer/.rbenv/versions/2.1.0/lib/ruby/gems/2.1.0/specifications/fast-stemmer-1.0.2.gemspec
I, [2014-05-06T17:16:37.863143 #6061]  INFO -- : 0:  classifier (1.3.4) from /home/lxsameer/.rbenv/versions/2.1.0/lib/ruby/gems/2.1.0/specifications/classifier-1.3.4.gemspec
I, [2014-05-06T17:16:37.863462 #6061]  INFO -- : 0:  coderay (1.1.0) from /home/lxsameer/.rbenv/versions/2.1.0/lib/ruby/gems/2.1.0/specifications/coderay-1.1.0.gemspec
I, [2014-05-06T17:16:37.863788 #6061]  INFO -- : 0:  colorator (0.1) from /home/lxsameer/.rbenv/versions/2.1.0/lib/ruby/gems/2.1.0/specifications/colorator-0.1.gemspec
I, [2014-05-06T17:16:37.864201 #6061]  INFO -- : 0:  highline (1.6.21) from /home/lxsameer/.rbenv/versions/2.1.0/lib/ruby/gems/2.1.0/specifications/highline-1.6.21.gemspec
I, [2014-05-06T17:16:37.864514 #6061]  INFO -- : 0:  commander (4.1.6) from /home/lxsameer/.rbenv/versions/2.1.0/lib/ruby/gems/2.1.0/specifications/commander-4.1.6.gemspec
I, [2014-05-06T17:16:37.864830 #6061]  INFO -- : 0:  fssm (0.2.10) from /home/lxsameer/.rbenv/versions/2.1.0/lib/ruby/gems/2.1.0/specifications/fssm-0.2.10.gemspec
I, [2014-05-06T17:16:37.865169 #6061]  INFO -- : 0:  compass (0.12.6) from /home/lxsameer/.rbenv/versions/2.1.0/lib/ruby/gems/2.1.0/specifications/compass-0.12.6.gemspec
I, [2014-05-06T17:16:37.865485 #6061]  INFO -- : 0:  eventmachine (1.0.3) from /home/lxsameer/.rbenv/versions/2.1.0/lib/ruby/gems/2.1.0/specifications/eventmachine-1.0.3.gemspec
I, [2014-05-06T17:16:37.865792 #6061]  INFO -- : 0:  http_parser.rb (0.6.0) from /home/lxsameer/.rbenv/versions/2.1.0/lib/ruby/gems/2.1.0/specifications/http_parser.rb-0.6.0.gemspec
I, [2014-05-06T17:16:37.866112 #6061]  INFO -- : 0:  em-websocket (0.5.1) from /home/lxsameer/.rbenv/versions/2.1.0/lib/ruby/gems/2.1.0/specifications/em-websocket-0.5.1.gemspec
I, [2014-05-06T17:16:37.866431 #6061]  INFO -- : 0:  execjs (2.0.2) from /home/lxsameer/.rbenv/versions/2.1.0/lib/ruby/gems/2.1.0/specifications/execjs-2.0.2.gemspec
I, [2014-05-06T17:16:37.866751 #6061]  INFO -- : 0:  ffi (1.9.3) from /home/lxsameer/.rbenv/versions/2.1.0/lib/ruby/gems/2.1.0/specifications/ffi-1.9.3.gemspec
I, [2014-05-06T17:16:37.867100 #6061]  INFO -- : 0:  formatador (0.2.4) from /home/lxsameer/.rbenv/versions/2.1.0/lib/ruby/gems/2.1.0/specifications/formatador-0.2.4.gemspec
I, [2014-05-06T17:16:37.867426 #6061]  INFO -- : 0:  rb-fsevent (0.9.4) from /home/lxsameer/.rbenv/versions/2.1.0/lib/ruby/gems/2.1.0/specifications/rb-fsevent-0.9.4.gemspec
I, [2014-05-06T17:16:37.867771 #6061]  INFO -- : 0:  rb-inotify (0.9.4) from /home/lxsameer/.rbenv/versions/2.1.0/lib/ruby/gems/2.1.0/specifications/rb-inotify-0.9.4.gemspec
I, [2014-05-06T17:16:37.868127 #6061]  INFO -- : 0:  rb-kqueue (0.2.2) from /home/lxsameer/.rbenv/versions/2.1.0/lib/ruby/gems/2.1.0/specifications/rb-kqueue-0.2.2.gemspec
I, [2014-05-06T17:16:37.868522 #6061]  INFO -- : 0:  listen (1.3.1) from /home/lxsameer/.rbenv/versions/2.1.0/lib/ruby/gems/2.1.0/specifications/listen-1.3.1.gemspec
I, [2014-05-06T17:16:37.869310 #6061]  INFO -- : 0:  lumberjack (1.0.5) from /home/lxsameer/.rbenv/versions/2.1.0/lib/ruby/gems/2.1.0/specifications/lumberjack-1.0.5.gemspec
I, [2014-05-06T17:16:37.870472 #6061]  INFO -- : 0:  method_source (0.8.2) from /home/lxsameer/.rbenv/versions/2.1.0/lib/ruby/gems/2.1.0/specifications/method_source-0.8.2.gemspec
I, [2014-05-06T17:16:37.871453 #6061]  INFO -- : 0:  slop (3.5.0) from /home/lxsameer/.rbenv/versions/2.1.0/lib/ruby/gems/2.1.0/specifications/slop-3.5.0.gemspec
I, [2014-05-06T17:16:37.872050 #6061]  INFO -- : 0:  pry (0.9.12.6) from /home/lxsameer/.rbenv/versions/2.1.0/lib/ruby/gems/2.1.0/specifications/pry-0.9.12.6.gemspec
I, [2014-05-06T17:16:37.872609 #6061]  INFO -- : 0:  guard (1.8.3) from /home/lxsameer/.rbenv/versions/2.1.0/lib/ruby/gems/2.1.0/specifications/guard-1.8.3.gemspec
I, [2014-05-06T17:16:37.873029 #6061]  INFO -- : 0:  liquid (2.5.5) from /home/lxsameer/.rbenv/versions/2.1.0/lib/ruby/gems/2.1.0/specifications/liquid-2.5.5.gemspec
I, [2014-05-06T17:16:37.873386 #6061]  INFO -- : 0:  maruku (0.7.0) from /home/lxsameer/.rbenv/versions/2.1.0/lib/ruby/gems/2.1.0/specifications/maruku-0.7.0.gemspec
I, [2014-05-06T17:16:37.873734 #6061]  INFO -- : 0:  posix-spawn (0.3.8) from /home/lxsameer/.rbenv/versions/2.1.0/lib/ruby/gems/2.1.0/specifications/posix-spawn-0.3.8.gemspec
I, [2014-05-06T17:16:37.874121 #6061]  INFO -- : 0:  yajl-ruby (1.1.0) from /home/lxsameer/.rbenv/versions/2.1.0/lib/ruby/gems/2.1.0/specifications/yajl-ruby-1.1.0.gemspec
I, [2014-05-06T17:16:37.874488 #6061]  INFO -- : 0:  pygments.rb (0.5.4) from /home/lxsameer/.rbenv/versions/2.1.0/lib/ruby/gems/2.1.0/specifications/pygments.rb-0.5.4.gemspec
I, [2014-05-06T17:16:37.874859 #6061]  INFO -- : 0:  redcarpet (2.3.0) from /home/lxsameer/.rbenv/versions/2.1.0/lib/ruby/gems/2.1.0/specifications/redcarpet-2.3.0.gemspec
I, [2014-05-06T17:16:37.875228 #6061]  INFO -- : 0:  safe_yaml (1.0.3) from /home/lxsameer/.rbenv/versions/2.1.0/lib/ruby/gems/2.1.0/specifications/safe_yaml-1.0.3.gemspec
I, [2014-05-06T17:16:37.875569 #6061]  INFO -- : 0:  parslet (1.5.0) from /home/lxsameer/.rbenv/versions/2.1.0/lib/ruby/gems/2.1.0/specifications/parslet-1.5.0.gemspec
I, [2014-05-06T17:16:37.875913 #6061]  INFO -- : 0:  toml (0.1.1) from /home/lxsameer/.rbenv/versions/2.1.0/lib/ruby/gems/2.1.0/specifications/toml-0.1.1.gemspec
I, [2014-05-06T17:16:37.876259 #6061]  INFO -- : 0:  jekyll (1.5.1) from /home/lxsameer/.rbenv/versions/2.1.0/lib/ruby/gems/2.1.0/specifications/jekyll-1.5.1.gemspec
I, [2014-05-06T17:16:37.897571 #6061]  INFO -- : 0:  guard-jekyll-plus (1.4.10) from /home/lxsameer/.rbenv/versions/2.1.0/lib/ruby/gems/2.1.0/bundler/gems/guard-jekyll-plus-a847946d4611/guard-jekyll-plus.gemspec
I, [2014-05-06T17:16:37.898116 #6061]  INFO -- : 0:  multi_json (1.9.3) from /home/lxsameer/.rbenv/versions/2.1.0/lib/ruby/gems/2.1.0/specifications/multi_json-1.9.3.gemspec
I, [2014-05-06T17:16:37.898508 #6061]  INFO -- : 0:  guard-livereload (1.4.0) from /home/lxsameer/.rbenv/versions/2.1.0/lib/ruby/gems/2.1.0/specifications/guard-livereload-1.4.0.gemspec
I, [2014-05-06T17:16:37.898882 #6061]  INFO -- : 0:  hike (1.2.3) from /home/lxsameer/.rbenv/versions/2.1.0/lib/ruby/gems/2.1.0/specifications/hike-1.2.3.gemspec
I, [2014-05-06T17:16:37.899259 #6061]  INFO -- : 0:  rack (1.5.2) from /home/lxsameer/.rbenv/versions/2.1.0/lib/ruby/gems/2.1.0/specifications/rack-1.5.2.gemspec
I, [2014-05-06T17:16:37.899607 #6061]  INFO -- : 0:  tilt (1.4.1) from /home/lxsameer/.rbenv/versions/2.1.0/lib/ruby/gems/2.1.0/specifications/tilt-1.4.1.gemspec
I, [2014-05-06T17:16:37.899967 #6061]  INFO -- : 0:  sprockets (2.12.1) from /home/lxsameer/.rbenv/versions/2.1.0/lib/ruby/gems/2.1.0/specifications/sprockets-2.12.1.gemspec
I, [2014-05-06T17:16:37.900304 #6061]  INFO -- : 0:  jekyll-assets (0.7.7) from /home/lxsameer/.rbenv/versions/2.1.0/lib/ruby/gems/2.1.0/specifications/jekyll-assets-0.7.7.gemspec
I, [2014-05-06T17:16:37.900620 #6061]  INFO -- : 0:  json (1.8.1) from /home/lxsameer/.rbenv/versions/2.1.0/lib/ruby/gems/2.1.0/specifications/default/json-1.8.1.gemspec
I, [2014-05-06T17:16:42.139081 #6061]  INFO -- : 0:  neat (1.5.1) from /home/lxsameer/.rbenv/versions/2.1.0/lib/ruby/gems/2.1.0/specifications/neat-1.5.1.gemspec
I, [2014-05-06T17:16:42.140015 #6061]  INFO -- : 0:  puma (2.8.2) from /home/lxsameer/.rbenv/versions/2.1.0/lib/ruby/gems/2.1.0/specifications/puma-2.8.2.gemspec
I, [2014-05-06T17:16:42.140710 #6061]  INFO -- : 0:  rack-contrib (1.1.0) from /home/lxsameer/.rbenv/versions/2.1.0/lib/ruby/gems/2.1.0/specifications/rack-contrib-1.1.0.gemspec
I, [2014-05-06T17:16:42.141365 #6061]  INFO -- : 0:  rack-rewrite (1.5.0) from /home/lxsameer/.rbenv/versions/2.1.0/lib/ruby/gems/2.1.0/specifications/rack-rewrite-1.5.0.gemspec
I, [2014-05-06T17:16:42.142048 #6061]  INFO -- : 0:  uglifier (2.5.0) from /home/lxsameer/.rbenv/versions/2.1.0/lib/ruby/gems/2.1.0/specifications/uglifier-2.5.0.gemspec
I, [2014-05-06T17:16:42.142606 #6061]  INFO -- : 0:  bundler (1.5.1) from /home/lxsameer/.rbenv/versions/2.1.0/lib/ruby/gems/2.1.0/specifications/bundler-1.5.1.gemspec
I, [2014-05-08T09:35:56.186468 #13209]  INFO -- : 0:  rake (10.3.1) from /home/lxsameer/.rbenv/versions/2.1.0/lib/ruby/gems/2.1.0/specifications/rake-10.3.1.gemspec
I, [2014-05-08T09:36:01.172403 #13209]  INFO -- : 0:  sass (3.3.7) from /home/lxsameer/.rbenv/versions/2.1.0/lib/ruby/gems/2.1.0/specifications/sass-3.3.7.gemspec
I, [2014-05-08T09:36:01.173048 #13209]  INFO -- : 0:  thor (0.19.1) from /home/lxsameer/.rbenv/versions/2.1.0/lib/ruby/gems/2.1.0/specifications/thor-0.19.1.gemspec
I, [2014-05-08T09:36:03.330406 #13209]  INFO -- : 0:  bourbon (4.0.1) from /home/lxsameer/.rbenv/versions/2.1.0/lib/ruby/gems/2.1.0/specifications/bourbon-4.0.1.gemspec
I, [2014-05-08T09:36:03.331007 #13209]  INFO -- : 0:  bitters (0.9.3) from /home/lxsameer/.rbenv/versions/2.1.0/lib/ruby/gems/2.1.0/specifications/bitters-0.9.3.gemspec
I, [2014-05-08T09:36:03.331361 #13209]  INFO -- : 0:  blankslate (2.1.2.4) from /home/lxsameer/.rbenv/versions/2.1.0/lib/ruby/gems/2.1.0/specifications/blankslate-2.1.2.4.gemspec
I, [2014-05-08T09:36:03.331710 #13209]  INFO -- : 0:  timers (1.1.0) from /home/lxsameer/.rbenv/versions/2.1.0/lib/ruby/gems/2.1.0/specifications/timers-1.1.0.gemspec
I, [2014-05-08T09:36:03.332057 #13209]  INFO -- : 0:  celluloid (0.15.2) from /home/lxsameer/.rbenv/versions/2.1.0/lib/ruby/gems/2.1.0/specifications/celluloid-0.15.2.gemspec
I, [2014-05-08T09:36:03.332382 #13209]  INFO -- : 0:  nio4r (1.0.0) from /home/lxsameer/.rbenv/versions/2.1.0/lib/ruby/gems/2.1.0/specifications/nio4r-1.0.0.gemspec
I, [2014-05-08T09:36:03.332705 #13209]  INFO -- : 0:  celluloid-io (0.15.0) from /home/lxsameer/.rbenv/versions/2.1.0/lib/ruby/gems/2.1.0/specifications/celluloid-io-0.15.0.gemspec
I, [2014-05-08T09:36:03.333033 #13209]  INFO -- : 0:  fast-stemmer (1.0.2) from /home/lxsameer/.rbenv/versions/2.1.0/lib/ruby/gems/2.1.0/specifications/fast-stemmer-1.0.2.gemspec
I, [2014-05-08T09:36:03.333350 #13209]  INFO -- : 0:  classifier (1.3.4) from /home/lxsameer/.rbenv/versions/2.1.0/lib/ruby/gems/2.1.0/specifications/classifier-1.3.4.gemspec
I, [2014-05-08T09:36:03.333675 #13209]  INFO -- : 0:  coffee-script-source (1.7.0) from /home/lxsameer/.rbenv/versions/2.1.0/lib/ruby/gems/2.1.0/specifications/coffee-script-source-1.7.0.gemspec
I, [2014-05-08T09:36:03.333994 #13209]  INFO -- : 0:  execjs (2.0.2) from /home/lxsameer/.rbenv/versions/2.1.0/lib/ruby/gems/2.1.0/specifications/execjs-2.0.2.gemspec
I, [2014-05-08T09:36:03.334329 #13209]  INFO -- : 0:  coffee-script (2.2.0) from /home/lxsameer/.rbenv/versions/2.1.0/lib/ruby/gems/2.1.0/specifications/coffee-script-2.2.0.gemspec
I, [2014-05-08T09:36:03.334643 #13209]  INFO -- : 0:  colorator (0.1) from /home/lxsameer/.rbenv/versions/2.1.0/lib/ruby/gems/2.1.0/specifications/colorator-0.1.gemspec
I, [2014-05-08T09:36:03.335070 #13209]  INFO -- : 0:  ffi (1.9.3) from /home/lxsameer/.rbenv/versions/2.1.0/lib/ruby/gems/2.1.0/specifications/ffi-1.9.3.gemspec
I, [2014-05-08T09:36:04.940956 #13209]  INFO -- : 0:  jekyll-coffeescript (1.0.0) from /home/lxsameer/.rbenv/versions/2.1.0/lib/ruby/gems/2.1.0/specifications/jekyll-coffeescript-1.0.0.gemspec
I, [2014-05-08T09:36:06.489576 #13209]  INFO -- : 0:  jekyll-sass-converter (1.0.0) from /home/lxsameer/.rbenv/versions/2.1.0/lib/ruby/gems/2.1.0/specifications/jekyll-sass-converter-1.0.0.gemspec
I, [2014-05-08T09:36:10.130024 #13209]  INFO -- : 0:  kramdown (1.3.3) from /home/lxsameer/.rbenv/versions/2.1.0/lib/ruby/gems/2.1.0/specifications/kramdown-1.3.3.gemspec
I, [2014-05-08T09:36:10.130808 #13209]  INFO -- : 0:  liquid (2.5.5) from /home/lxsameer/.rbenv/versions/2.1.0/lib/ruby/gems/2.1.0/specifications/liquid-2.5.5.gemspec
I, [2014-05-08T09:36:10.131368 #13209]  INFO -- : 0:  rb-fsevent (0.9.4) from /home/lxsameer/.rbenv/versions/2.1.0/lib/ruby/gems/2.1.0/specifications/rb-fsevent-0.9.4.gemspec
I, [2014-05-08T09:36:10.131948 #13209]  INFO -- : 0:  rb-inotify (0.9.4) from /home/lxsameer/.rbenv/versions/2.1.0/lib/ruby/gems/2.1.0/specifications/rb-inotify-0.9.4.gemspec
I, [2014-05-08T09:36:12.021313 #13209]  INFO -- : 0:  listen (2.7.4) from /home/lxsameer/.rbenv/versions/2.1.0/lib/ruby/gems/2.1.0/specifications/listen-2.7.4.gemspec
I, [2014-05-08T09:36:13.818891 #13209]  INFO -- : 0:  mercenary (0.3.3) from /home/lxsameer/.rbenv/versions/2.1.0/lib/ruby/gems/2.1.0/specifications/mercenary-0.3.3.gemspec
I, [2014-05-08T09:36:13.819431 #13209]  INFO -- : 0:  posix-spawn (0.3.8) from /home/lxsameer/.rbenv/versions/2.1.0/lib/ruby/gems/2.1.0/specifications/posix-spawn-0.3.8.gemspec
I, [2014-05-08T09:36:13.819750 #13209]  INFO -- : 0:  yajl-ruby (1.1.0) from /home/lxsameer/.rbenv/versions/2.1.0/lib/ruby/gems/2.1.0/specifications/yajl-ruby-1.1.0.gemspec
I, [2014-05-08T09:36:13.820116 #13209]  INFO -- : 0:  pygments.rb (0.5.4) from /home/lxsameer/.rbenv/versions/2.1.0/lib/ruby/gems/2.1.0/specifications/pygments.rb-0.5.4.gemspec
I, [2014-05-08T09:36:13.820526 #13209]  INFO -- : 0:  redcarpet (3.1.1) from /home/lxsameer/.rbenv/versions/2.1.0/lib/ruby/gems/2.1.0/specifications/redcarpet-3.1.1.gemspec
I, [2014-05-08T09:36:13.820883 #13209]  INFO -- : 0:  safe_yaml (1.0.3) from /home/lxsameer/.rbenv/versions/2.1.0/lib/ruby/gems/2.1.0/specifications/safe_yaml-1.0.3.gemspec
I, [2014-05-08T09:36:13.821241 #13209]  INFO -- : 0:  parslet (1.5.0) from /home/lxsameer/.rbenv/versions/2.1.0/lib/ruby/gems/2.1.0/specifications/parslet-1.5.0.gemspec
I, [2014-05-08T09:36:13.821616 #13209]  INFO -- : 0:  toml (0.1.1) from /home/lxsameer/.rbenv/versions/2.1.0/lib/ruby/gems/2.1.0/specifications/toml-0.1.1.gemspec
I, [2014-05-08T09:36:17.760413 #13209]  INFO -- : 0:  jekyll (2.0.2) from /home/lxsameer/.rbenv/versions/2.1.0/lib/ruby/gems/2.1.0/specifications/jekyll-2.0.2.gemspec
I, [2014-05-08T09:36:17.760955 #13209]  INFO -- : 0:  json (1.8.1) from /home/lxsameer/.rbenv/versions/2.1.0/lib/ruby/gems/2.1.0/specifications/default/json-1.8.1.gemspec
I, [2014-05-08T09:36:19.569006 #13209]  INFO -- : 0:  neat (1.6.0) from /home/lxsameer/.rbenv/versions/2.1.0/lib/ruby/gems/2.1.0/specifications/neat-1.6.0.gemspec
I, [2014-05-08T09:36:19.569682 #13209]  INFO -- : 0:  rack (1.5.2) from /home/lxsameer/.rbenv/versions/2.1.0/lib/ruby/gems/2.1.0/specifications/rack-1.5.2.gemspec
I, [2014-05-08T09:36:19.570163 #13209]  INFO -- : 0:  puma (2.8.2) from /home/lxsameer/.rbenv/versions/2.1.0/lib/ruby/gems/2.1.0/specifications/puma-2.8.2.gemspec
I, [2014-05-08T09:36:19.570645 #13209]  INFO -- : 0:  rack-contrib (1.1.0) from /home/lxsameer/.rbenv/versions/2.1.0/lib/ruby/gems/2.1.0/specifications/rack-contrib-1.1.0.gemspec
I, [2014-05-08T09:36:19.571107 #13209]  INFO -- : 0:  rack-rewrite (1.5.0) from /home/lxsameer/.rbenv/versions/2.1.0/lib/ruby/gems/2.1.0/specifications/rack-rewrite-1.5.0.gemspec
I, [2014-05-08T09:36:19.571595 #13209]  INFO -- : 0:  uglifier (2.5.0) from /home/lxsameer/.rbenv/versions/2.1.0/lib/ruby/gems/2.1.0/specifications/uglifier-2.5.0.gemspec
I, [2014-05-08T09:36:19.572040 #13209]  INFO -- : 0:  bundler (1.5.1) from /home/lxsameer/.rbenv/versions/2.1.0/lib/ruby/gems/2.1.0/specifications/bundler-1.5.1.gemspec
I, [2014-05-08T10:11:35.585148 #16742]  INFO -- : 0:  rake (10.3.1) from /home/lxsameer/.rbenv/versions/2.1.0/lib/ruby/gems/2.1.0/specifications/rake-10.3.1.gemspec
I, [2014-05-08T10:11:35.585702 #16742]  INFO -- : 0:  sass (3.3.7) from /home/lxsameer/.rbenv/versions/2.1.0/lib/ruby/gems/2.1.0/specifications/sass-3.3.7.gemspec
I, [2014-05-08T10:11:35.586054 #16742]  INFO -- : 0:  thor (0.19.1) from /home/lxsameer/.rbenv/versions/2.1.0/lib/ruby/gems/2.1.0/specifications/thor-0.19.1.gemspec
I, [2014-05-08T10:11:35.586400 #16742]  INFO -- : 0:  bourbon (4.0.1) from /home/lxsameer/.rbenv/versions/2.1.0/lib/ruby/gems/2.1.0/specifications/bourbon-4.0.1.gemspec
I, [2014-05-08T10:11:35.586695 #16742]  INFO -- : 0:  bitters (0.9.3) from /home/lxsameer/.rbenv/versions/2.1.0/lib/ruby/gems/2.1.0/specifications/bitters-0.9.3.gemspec
I, [2014-05-08T10:11:35.586990 #16742]  INFO -- : 0:  blankslate (2.1.2.4) from /home/lxsameer/.rbenv/versions/2.1.0/lib/ruby/gems/2.1.0/specifications/blankslate-2.1.2.4.gemspec
I, [2014-05-08T10:11:35.587295 #16742]  INFO -- : 0:  timers (1.1.0) from /home/lxsameer/.rbenv/versions/2.1.0/lib/ruby/gems/2.1.0/specifications/timers-1.1.0.gemspec
I, [2014-05-08T10:11:35.587597 #16742]  INFO -- : 0:  celluloid (0.15.2) from /home/lxsameer/.rbenv/versions/2.1.0/lib/ruby/gems/2.1.0/specifications/celluloid-0.15.2.gemspec
I, [2014-05-08T10:11:35.587892 #16742]  INFO -- : 0:  nio4r (1.0.0) from /home/lxsameer/.rbenv/versions/2.1.0/lib/ruby/gems/2.1.0/specifications/nio4r-1.0.0.gemspec
I, [2014-05-08T10:11:35.588180 #16742]  INFO -- : 0:  celluloid-io (0.15.0) from /home/lxsameer/.rbenv/versions/2.1.0/lib/ruby/gems/2.1.0/specifications/celluloid-io-0.15.0.gemspec
I, [2014-05-08T10:11:35.588509 #16742]  INFO -- : 0:  fast-stemmer (1.0.2) from /home/lxsameer/.rbenv/versions/2.1.0/lib/ruby/gems/2.1.0/specifications/fast-stemmer-1.0.2.gemspec
I, [2014-05-08T10:11:35.588839 #16742]  INFO -- : 0:  classifier (1.3.4) from /home/lxsameer/.rbenv/versions/2.1.0/lib/ruby/gems/2.1.0/specifications/classifier-1.3.4.gemspec
I, [2014-05-08T10:11:35.589145 #16742]  INFO -- : 0:  coffee-script-source (1.7.0) from /home/lxsameer/.rbenv/versions/2.1.0/lib/ruby/gems/2.1.0/specifications/coffee-script-source-1.7.0.gemspec
I, [2014-05-08T10:11:35.589492 #16742]  INFO -- : 0:  execjs (2.0.2) from /home/lxsameer/.rbenv/versions/2.1.0/lib/ruby/gems/2.1.0/specifications/execjs-2.0.2.gemspec
I, [2014-05-08T10:11:35.589828 #16742]  INFO -- : 0:  coffee-script (2.2.0) from /home/lxsameer/.rbenv/versions/2.1.0/lib/ruby/gems/2.1.0/specifications/coffee-script-2.2.0.gemspec
I, [2014-05-08T10:11:35.590164 #16742]  INFO -- : 0:  colorator (0.1) from /home/lxsameer/.rbenv/versions/2.1.0/lib/ruby/gems/2.1.0/specifications/colorator-0.1.gemspec
I, [2014-05-08T10:11:35.590526 #16742]  INFO -- : 0:  ffi (1.9.3) from /home/lxsameer/.rbenv/versions/2.1.0/lib/ruby/gems/2.1.0/specifications/ffi-1.9.3.gemspec
I, [2014-05-08T10:11:35.590911 #16742]  INFO -- : 0:  hike (1.2.3) from /home/lxsameer/.rbenv/versions/2.1.0/lib/ruby/gems/2.1.0/specifications/hike-1.2.3.gemspec
I, [2014-05-08T10:11:35.591254 #16742]  INFO -- : 0:  jekyll-coffeescript (1.0.0) from /home/lxsameer/.rbenv/versions/2.1.0/lib/ruby/gems/2.1.0/specifications/jekyll-coffeescript-1.0.0.gemspec
I, [2014-05-08T10:11:35.591593 #16742]  INFO -- : 0:  jekyll-sass-converter (1.0.0) from /home/lxsameer/.rbenv/versions/2.1.0/lib/ruby/gems/2.1.0/specifications/jekyll-sass-converter-1.0.0.gemspec
I, [2014-05-08T10:11:35.591933 #16742]  INFO -- : 0:  kramdown (1.3.3) from /home/lxsameer/.rbenv/versions/2.1.0/lib/ruby/gems/2.1.0/specifications/kramdown-1.3.3.gemspec
I, [2014-05-08T10:11:35.592275 #16742]  INFO -- : 0:  liquid (2.5.5) from /home/lxsameer/.rbenv/versions/2.1.0/lib/ruby/gems/2.1.0/specifications/liquid-2.5.5.gemspec
I, [2014-05-08T10:11:35.592639 #16742]  INFO -- : 0:  rb-fsevent (0.9.4) from /home/lxsameer/.rbenv/versions/2.1.0/lib/ruby/gems/2.1.0/specifications/rb-fsevent-0.9.4.gemspec
I, [2014-05-08T10:11:35.592984 #16742]  INFO -- : 0:  rb-inotify (0.9.4) from /home/lxsameer/.rbenv/versions/2.1.0/lib/ruby/gems/2.1.0/specifications/rb-inotify-0.9.4.gemspec
I, [2014-05-08T10:11:35.593338 #16742]  INFO -- : 0:  listen (2.7.4) from /home/lxsameer/.rbenv/versions/2.1.0/lib/ruby/gems/2.1.0/specifications/listen-2.7.4.gemspec
I, [2014-05-08T10:11:35.593673 #16742]  INFO -- : 0:  mercenary (0.3.3) from /home/lxsameer/.rbenv/versions/2.1.0/lib/ruby/gems/2.1.0/specifications/mercenary-0.3.3.gemspec
I, [2014-05-08T10:11:35.593975 #16742]  INFO -- : 0:  posix-spawn (0.3.8) from /home/lxsameer/.rbenv/versions/2.1.0/lib/ruby/gems/2.1.0/specifications/posix-spawn-0.3.8.gemspec
I, [2014-05-08T10:11:35.594323 #16742]  INFO -- : 0:  yajl-ruby (1.1.0) from /home/lxsameer/.rbenv/versions/2.1.0/lib/ruby/gems/2.1.0/specifications/yajl-ruby-1.1.0.gemspec
I, [2014-05-08T10:11:35.594658 #16742]  INFO -- : 0:  pygments.rb (0.5.4) from /home/lxsameer/.rbenv/versions/2.1.0/lib/ruby/gems/2.1.0/specifications/pygments.rb-0.5.4.gemspec
I, [2014-05-08T10:11:35.595004 #16742]  INFO -- : 0:  redcarpet (3.1.1) from /home/lxsameer/.rbenv/versions/2.1.0/lib/ruby/gems/2.1.0/specifications/redcarpet-3.1.1.gemspec
I, [2014-05-08T10:11:35.595347 #16742]  INFO -- : 0:  safe_yaml (1.0.3) from /home/lxsameer/.rbenv/versions/2.1.0/lib/ruby/gems/2.1.0/specifications/safe_yaml-1.0.3.gemspec
I, [2014-05-08T10:11:35.595683 #16742]  INFO -- : 0:  parslet (1.5.0) from /home/lxsameer/.rbenv/versions/2.1.0/lib/ruby/gems/2.1.0/specifications/parslet-1.5.0.gemspec
I, [2014-05-08T10:11:35.596021 #16742]  INFO -- : 0:  toml (0.1.1) from /home/lxsameer/.rbenv/versions/2.1.0/lib/ruby/gems/2.1.0/specifications/toml-0.1.1.gemspec
I, [2014-05-08T10:11:35.596381 #16742]  INFO -- : 0:  jekyll (2.0.2) from /home/lxsameer/.rbenv/versions/2.1.0/lib/ruby/gems/2.1.0/specifications/jekyll-2.0.2.gemspec
I, [2014-05-08T10:11:42.305844 #16742]  INFO -- : 0:  multi_json (1.10.0) from /home/lxsameer/.rbenv/versions/2.1.0/lib/ruby/gems/2.1.0/specifications/multi_json-1.10.0.gemspec
I, [2014-05-08T10:11:42.306443 #16742]  INFO -- : 0:  rack (1.5.2) from /home/lxsameer/.rbenv/versions/2.1.0/lib/ruby/gems/2.1.0/specifications/rack-1.5.2.gemspec
I, [2014-05-08T10:11:42.306765 #16742]  INFO -- : 0:  tilt (1.4.1) from /home/lxsameer/.rbenv/versions/2.1.0/lib/ruby/gems/2.1.0/specifications/tilt-1.4.1.gemspec
I, [2014-05-08T10:11:42.307085 #16742]  INFO -- : 0:  sprockets (2.12.1) from /home/lxsameer/.rbenv/versions/2.1.0/lib/ruby/gems/2.1.0/specifications/sprockets-2.12.1.gemspec
I, [2014-05-08T10:11:48.491075 #16742]  INFO -- : 0:  jekyll-assets (0.4.1) from /home/lxsameer/.rbenv/versions/2.1.0/lib/ruby/gems/2.1.0/specifications/jekyll-assets-0.4.1.gemspec
I, [2014-05-08T10:11:48.491800 #16742]  INFO -- : 0:  json (1.8.1) from /home/lxsameer/.rbenv/versions/2.1.0/lib/ruby/gems/2.1.0/specifications/default/json-1.8.1.gemspec
I, [2014-05-08T10:11:48.492428 #16742]  INFO -- : 0:  neat (1.6.0) from /home/lxsameer/.rbenv/versions/2.1.0/lib/ruby/gems/2.1.0/specifications/neat-1.6.0.gemspec
I, [2014-05-08T10:11:48.493052 #16742]  INFO -- : 0:  puma (2.8.2) from /home/lxsameer/.rbenv/versions/2.1.0/lib/ruby/gems/2.1.0/specifications/puma-2.8.2.gemspec
I, [2014-05-08T10:11:48.493555 #16742]  INFO -- : 0:  rack-contrib (1.1.0) from /home/lxsameer/.rbenv/versions/2.1.0/lib/ruby/gems/2.1.0/specifications/rack-contrib-1.1.0.gemspec
I, [2014-05-08T10:11:48.494038 #16742]  INFO -- : 0:  rack-rewrite (1.5.0) from /home/lxsameer/.rbenv/versions/2.1.0/lib/ruby/gems/2.1.0/specifications/rack-rewrite-1.5.0.gemspec
I, [2014-05-08T10:11:48.494537 #16742]  INFO -- : 0:  uglifier (2.5.0) from /home/lxsameer/.rbenv/versions/2.1.0/lib/ruby/gems/2.1.0/specifications/uglifier-2.5.0.gemspec
I, [2014-05-08T10:11:48.494956 #16742]  INFO -- : 0:  bundler (1.5.1) from /home/lxsameer/.rbenv/versions/2.1.0/lib/ruby/gems/2.1.0/specifications/bundler-1.5.1.gemspec
I, [2014-05-10T09:05:13.003158 #8633]  INFO -- : 0:  rake (10.3.1) from /home/lxsameer/.rbenv/versions/2.1.0/lib/ruby/gems/2.1.0/specifications/rake-10.3.1.gemspec
I, [2014-05-10T09:05:13.025244 #8633]  INFO -- : 0:  sass (3.3.7) from /home/lxsameer/.rbenv/versions/2.1.0/lib/ruby/gems/2.1.0/specifications/sass-3.3.7.gemspec
I, [2014-05-10T09:05:13.025873 #8633]  INFO -- : 0:  thor (0.19.1) from /home/lxsameer/.rbenv/versions/2.1.0/lib/ruby/gems/2.1.0/specifications/thor-0.19.1.gemspec
I, [2014-05-10T09:05:13.026537 #8633]  INFO -- : 0:  bourbon (4.0.1) from /home/lxsameer/.rbenv/versions/2.1.0/lib/ruby/gems/2.1.0/specifications/bourbon-4.0.1.gemspec
I, [2014-05-10T09:05:13.027140 #8633]  INFO -- : 0:  bitters (0.9.3) from /home/lxsameer/.rbenv/versions/2.1.0/lib/ruby/gems/2.1.0/specifications/bitters-0.9.3.gemspec
I, [2014-05-10T09:05:13.027725 #8633]  INFO -- : 0:  blankslate (2.1.2.4) from /home/lxsameer/.rbenv/versions/2.1.0/lib/ruby/gems/2.1.0/specifications/blankslate-2.1.2.4.gemspec
I, [2014-05-10T09:05:13.028326 #8633]  INFO -- : 0:  timers (1.1.0) from /home/lxsameer/.rbenv/versions/2.1.0/lib/ruby/gems/2.1.0/specifications/timers-1.1.0.gemspec
I, [2014-05-10T09:05:13.028906 #8633]  INFO -- : 0:  celluloid (0.15.2) from /home/lxsameer/.rbenv/versions/2.1.0/lib/ruby/gems/2.1.0/specifications/celluloid-0.15.2.gemspec
I, [2014-05-10T09:05:13.029482 #8633]  INFO -- : 0:  nio4r (1.0.0) from /home/lxsameer/.rbenv/versions/2.1.0/lib/ruby/gems/2.1.0/specifications/nio4r-1.0.0.gemspec
I, [2014-05-10T09:05:13.030060 #8633]  INFO -- : 0:  celluloid-io (0.15.0) from /home/lxsameer/.rbenv/versions/2.1.0/lib/ruby/gems/2.1.0/specifications/celluloid-io-0.15.0.gemspec
I, [2014-05-10T09:05:13.030707 #8633]  INFO -- : 0:  fast-stemmer (1.0.2) from /home/lxsameer/.rbenv/versions/2.1.0/lib/ruby/gems/2.1.0/specifications/fast-stemmer-1.0.2.gemspec
I, [2014-05-10T09:05:13.031325 #8633]  INFO -- : 0:  classifier (1.3.4) from /home/lxsameer/.rbenv/versions/2.1.0/lib/ruby/gems/2.1.0/specifications/classifier-1.3.4.gemspec
I, [2014-05-10T09:05:13.031845 #8633]  INFO -- : 0:  coffee-script-source (1.7.0) from /home/lxsameer/.rbenv/versions/2.1.0/lib/ruby/gems/2.1.0/specifications/coffee-script-source-1.7.0.gemspec
I, [2014-05-10T09:05:13.032144 #8633]  INFO -- : 0:  execjs (2.0.2) from /home/lxsameer/.rbenv/versions/2.1.0/lib/ruby/gems/2.1.0/specifications/execjs-2.0.2.gemspec
I, [2014-05-10T09:05:13.032488 #8633]  INFO -- : 0:  coffee-script (2.2.0) from /home/lxsameer/.rbenv/versions/2.1.0/lib/ruby/gems/2.1.0/specifications/coffee-script-2.2.0.gemspec
I, [2014-05-10T09:05:13.032980 #8633]  INFO -- : 0:  colorator (0.1) from /home/lxsameer/.rbenv/versions/2.1.0/lib/ruby/gems/2.1.0/specifications/colorator-0.1.gemspec
I, [2014-05-10T09:05:13.033299 #8633]  INFO -- : 0:  ffi (1.9.3) from /home/lxsameer/.rbenv/versions/2.1.0/lib/ruby/gems/2.1.0/specifications/ffi-1.9.3.gemspec
I, [2014-05-10T09:05:13.033594 #8633]  INFO -- : 0:  hike (1.2.3) from /home/lxsameer/.rbenv/versions/2.1.0/lib/ruby/gems/2.1.0/specifications/hike-1.2.3.gemspec
I, [2014-05-10T09:05:13.034091 #8633]  INFO -- : 0:  jekyll-coffeescript (1.0.0) from /home/lxsameer/.rbenv/versions/2.1.0/lib/ruby/gems/2.1.0/specifications/jekyll-coffeescript-1.0.0.gemspec
I, [2014-05-10T09:05:13.034754 #8633]  INFO -- : 0:  jekyll-sass-converter (1.0.0) from /home/lxsameer/.rbenv/versions/2.1.0/lib/ruby/gems/2.1.0/specifications/jekyll-sass-converter-1.0.0.gemspec
I, [2014-05-10T09:05:13.035344 #8633]  INFO -- : 0:  kramdown (1.3.3) from /home/lxsameer/.rbenv/versions/2.1.0/lib/ruby/gems/2.1.0/specifications/kramdown-1.3.3.gemspec
I, [2014-05-10T09:05:13.035923 #8633]  INFO -- : 0:  liquid (2.5.5) from /home/lxsameer/.rbenv/versions/2.1.0/lib/ruby/gems/2.1.0/specifications/liquid-2.5.5.gemspec
I, [2014-05-10T09:05:13.036505 #8633]  INFO -- : 0:  rb-fsevent (0.9.4) from /home/lxsameer/.rbenv/versions/2.1.0/lib/ruby/gems/2.1.0/specifications/rb-fsevent-0.9.4.gemspec
I, [2014-05-10T09:05:13.037088 #8633]  INFO -- : 0:  rb-inotify (0.9.4) from /home/lxsameer/.rbenv/versions/2.1.0/lib/ruby/gems/2.1.0/specifications/rb-inotify-0.9.4.gemspec
I, [2014-05-10T09:05:13.037698 #8633]  INFO -- : 0:  listen (2.7.4) from /home/lxsameer/.rbenv/versions/2.1.0/lib/ruby/gems/2.1.0/specifications/listen-2.7.4.gemspec
I, [2014-05-10T09:05:13.038295 #8633]  INFO -- : 0:  mercenary (0.3.3) from /home/lxsameer/.rbenv/versions/2.1.0/lib/ruby/gems/2.1.0/specifications/mercenary-0.3.3.gemspec
I, [2014-05-10T09:05:13.038940 #8633]  INFO -- : 0:  posix-spawn (0.3.8) from /home/lxsameer/.rbenv/versions/2.1.0/lib/ruby/gems/2.1.0/specifications/posix-spawn-0.3.8.gemspec
I, [2014-05-10T09:05:13.039522 #8633]  INFO -- : 0:  yajl-ruby (1.1.0) from /home/lxsameer/.rbenv/versions/2.1.0/lib/ruby/gems/2.1.0/specifications/yajl-ruby-1.1.0.gemspec
I, [2014-05-10T09:05:13.040103 #8633]  INFO -- : 0:  pygments.rb (0.5.4) from /home/lxsameer/.rbenv/versions/2.1.0/lib/ruby/gems/2.1.0/specifications/pygments.rb-0.5.4.gemspec
I, [2014-05-10T09:05:13.040702 #8633]  INFO -- : 0:  redcarpet (3.1.1) from /home/lxsameer/.rbenv/versions/2.1.0/lib/ruby/gems/2.1.0/specifications/redcarpet-3.1.1.gemspec
I, [2014-05-10T09:05:13.041281 #8633]  INFO -- : 0:  safe_yaml (1.0.3) from /home/lxsameer/.rbenv/versions/2.1.0/lib/ruby/gems/2.1.0/specifications/safe_yaml-1.0.3.gemspec
I, [2014-05-10T09:05:13.041863 #8633]  INFO -- : 0:  parslet (1.5.0) from /home/lxsameer/.rbenv/versions/2.1.0/lib/ruby/gems/2.1.0/specifications/parslet-1.5.0.gemspec
I, [2014-05-10T09:05:13.042564 #8633]  INFO -- : 0:  toml (0.1.1) from /home/lxsameer/.rbenv/versions/2.1.0/lib/ruby/gems/2.1.0/specifications/toml-0.1.1.gemspec
I, [2014-05-10T09:05:19.688242 #8633]  INFO -- : 0:  jekyll (2.0.3) from /home/lxsameer/.rbenv/versions/2.1.0/lib/ruby/gems/2.1.0/specifications/jekyll-2.0.3.gemspec
I, [2014-05-10T09:05:19.689242 #8633]  INFO -- : 0:  multi_json (1.10.0) from /home/lxsameer/.rbenv/versions/2.1.0/lib/ruby/gems/2.1.0/specifications/multi_json-1.10.0.gemspec
I, [2014-05-10T09:05:19.689931 #8633]  INFO -- : 0:  rack (1.5.2) from /home/lxsameer/.rbenv/versions/2.1.0/lib/ruby/gems/2.1.0/specifications/rack-1.5.2.gemspec
I, [2014-05-10T09:05:19.690649 #8633]  INFO -- : 0:  tilt (1.4.1) from /home/lxsameer/.rbenv/versions/2.1.0/lib/ruby/gems/2.1.0/specifications/tilt-1.4.1.gemspec
I, [2014-05-10T09:05:19.691385 #8633]  INFO -- : 0:  sprockets (2.12.1) from /home/lxsameer/.rbenv/versions/2.1.0/lib/ruby/gems/2.1.0/specifications/sprockets-2.12.1.gemspec
I, [2014-05-10T09:05:21.643821 #8633]  INFO -- : 0:  jekyll-assets (0.7.8) from /home/lxsameer/.rbenv/versions/2.1.0/lib/ruby/gems/2.1.0/specifications/jekyll-assets-0.7.8.gemspec
I, [2014-05-10T09:05:21.644402 #8633]  INFO -- : 0:  json (1.8.1) from /home/lxsameer/.rbenv/versions/2.1.0/lib/ruby/gems/2.1.0/specifications/default/json-1.8.1.gemspec
I, [2014-05-10T09:05:21.644885 #8633]  INFO -- : 0:  neat (1.6.0) from /home/lxsameer/.rbenv/versions/2.1.0/lib/ruby/gems/2.1.0/specifications/neat-1.6.0.gemspec
I, [2014-05-10T09:05:21.645338 #8633]  INFO -- : 0:  puma (2.8.2) from /home/lxsameer/.rbenv/versions/2.1.0/lib/ruby/gems/2.1.0/specifications/puma-2.8.2.gemspec
I, [2014-05-10T09:05:21.645746 #8633]  INFO -- : 0:  rack-contrib (1.1.0) from /home/lxsameer/.rbenv/versions/2.1.0/lib/ruby/gems/2.1.0/specifications/rack-contrib-1.1.0.gemspec
I, [2014-05-10T09:05:21.646151 #8633]  INFO -- : 0:  rack-rewrite (1.5.0) from /home/lxsameer/.rbenv/versions/2.1.0/lib/ruby/gems/2.1.0/specifications/rack-rewrite-1.5.0.gemspec
I, [2014-05-10T09:05:21.646580 #8633]  INFO -- : 0:  uglifier (2.5.0) from /home/lxsameer/.rbenv/versions/2.1.0/lib/ruby/gems/2.1.0/specifications/uglifier-2.5.0.gemspec
I, [2014-05-10T09:05:21.646941 #8633]  INFO -- : 0:  bundler (1.5.1) from /home/lxsameer/.rbenv/versions/2.1.0/lib/ruby/gems/2.1.0/specifications/bundler-1.5.1.gemspec
I, [2014-05-11T12:16:15.099854 #18270]  INFO -- : 0:  rake (10.3.1) from /home/lxsameer/.rbenv/versions/2.1.0/lib/ruby/gems/2.1.0/specifications/rake-10.3.1.gemspec
I, [2014-05-11T12:16:15.121470 #18270]  INFO -- : 0:  sass (3.3.7) from /home/lxsameer/.rbenv/versions/2.1.0/lib/ruby/gems/2.1.0/specifications/sass-3.3.7.gemspec
I, [2014-05-11T12:16:15.121814 #18270]  INFO -- : 0:  thor (0.19.1) from /home/lxsameer/.rbenv/versions/2.1.0/lib/ruby/gems/2.1.0/specifications/thor-0.19.1.gemspec
I, [2014-05-11T12:16:15.122167 #18270]  INFO -- : 0:  bourbon (4.0.1) from /home/lxsameer/.rbenv/versions/2.1.0/lib/ruby/gems/2.1.0/specifications/bourbon-4.0.1.gemspec
I, [2014-05-11T12:16:15.122515 #18270]  INFO -- : 0:  bitters (0.9.3) from /home/lxsameer/.rbenv/versions/2.1.0/lib/ruby/gems/2.1.0/specifications/bitters-0.9.3.gemspec
I, [2014-05-11T12:16:15.122858 #18270]  INFO -- : 0:  blankslate (2.1.2.4) from /home/lxsameer/.rbenv/versions/2.1.0/lib/ruby/gems/2.1.0/specifications/blankslate-2.1.2.4.gemspec
I, [2014-05-11T12:16:15.123241 #18270]  INFO -- : 0:  timers (1.1.0) from /home/lxsameer/.rbenv/versions/2.1.0/lib/ruby/gems/2.1.0/specifications/timers-1.1.0.gemspec
I, [2014-05-11T12:16:15.123554 #18270]  INFO -- : 0:  celluloid (0.15.2) from /home/lxsameer/.rbenv/versions/2.1.0/lib/ruby/gems/2.1.0/specifications/celluloid-0.15.2.gemspec
I, [2014-05-11T12:16:15.123849 #18270]  INFO -- : 0:  nio4r (1.0.0) from /home/lxsameer/.rbenv/versions/2.1.0/lib/ruby/gems/2.1.0/specifications/nio4r-1.0.0.gemspec
I, [2014-05-11T12:16:15.124155 #18270]  INFO -- : 0:  celluloid-io (0.15.0) from /home/lxsameer/.rbenv/versions/2.1.0/lib/ruby/gems/2.1.0/specifications/celluloid-io-0.15.0.gemspec
I, [2014-05-11T12:16:15.124474 #18270]  INFO -- : 0:  fast-stemmer (1.0.2) from /home/lxsameer/.rbenv/versions/2.1.0/lib/ruby/gems/2.1.0/specifications/fast-stemmer-1.0.2.gemspec
I, [2014-05-11T12:16:15.124974 #18270]  INFO -- : 0:  classifier (1.3.4) from /home/lxsameer/.rbenv/versions/2.1.0/lib/ruby/gems/2.1.0/specifications/classifier-1.3.4.gemspec
I, [2014-05-11T12:16:15.125468 #18270]  INFO -- : 0:  coffee-script-source (1.7.0) from /home/lxsameer/.rbenv/versions/2.1.0/lib/ruby/gems/2.1.0/specifications/coffee-script-source-1.7.0.gemspec
I, [2014-05-11T12:16:15.125782 #18270]  INFO -- : 0:  execjs (2.0.2) from /home/lxsameer/.rbenv/versions/2.1.0/lib/ruby/gems/2.1.0/specifications/execjs-2.0.2.gemspec
I, [2014-05-11T12:16:15.126120 #18270]  INFO -- : 0:  coffee-script (2.2.0) from /home/lxsameer/.rbenv/versions/2.1.0/lib/ruby/gems/2.1.0/specifications/coffee-script-2.2.0.gemspec
I, [2014-05-11T12:16:15.126439 #18270]  INFO -- : 0:  colorator (0.1) from /home/lxsameer/.rbenv/versions/2.1.0/lib/ruby/gems/2.1.0/specifications/colorator-0.1.gemspec
I, [2014-05-11T12:16:15.126723 #18270]  INFO -- : 0:  ffi (1.9.3) from /home/lxsameer/.rbenv/versions/2.1.0/lib/ruby/gems/2.1.0/specifications/ffi-1.9.3.gemspec
I, [2014-05-11T12:16:18.641862 #18270]  INFO -- : 0:  font-awesome-sass (4.0.3.1) from /home/lxsameer/.rbenv/versions/2.1.0/lib/ruby/gems/2.1.0/specifications/font-awesome-sass-4.0.3.1.gemspec
I, [2014-05-11T12:16:18.642659 #18270]  INFO -- : 0:  hike (1.2.3) from /home/lxsameer/.rbenv/versions/2.1.0/lib/ruby/gems/2.1.0/specifications/hike-1.2.3.gemspec
I, [2014-05-11T12:16:18.643050 #18270]  INFO -- : 0:  jekyll-coffeescript (1.0.0) from /home/lxsameer/.rbenv/versions/2.1.0/lib/ruby/gems/2.1.0/specifications/jekyll-coffeescript-1.0.0.gemspec
I, [2014-05-11T12:16:18.643446 #18270]  INFO -- : 0:  jekyll-sass-converter (1.0.0) from /home/lxsameer/.rbenv/versions/2.1.0/lib/ruby/gems/2.1.0/specifications/jekyll-sass-converter-1.0.0.gemspec
I, [2014-05-11T12:16:18.643818 #18270]  INFO -- : 0:  kramdown (1.3.3) from /home/lxsameer/.rbenv/versions/2.1.0/lib/ruby/gems/2.1.0/specifications/kramdown-1.3.3.gemspec
I, [2014-05-11T12:16:18.644202 #18270]  INFO -- : 0:  liquid (2.5.5) from /home/lxsameer/.rbenv/versions/2.1.0/lib/ruby/gems/2.1.0/specifications/liquid-2.5.5.gemspec
I, [2014-05-11T12:16:18.644650 #18270]  INFO -- : 0:  rb-fsevent (0.9.4) from /home/lxsameer/.rbenv/versions/2.1.0/lib/ruby/gems/2.1.0/specifications/rb-fsevent-0.9.4.gemspec
I, [2014-05-11T12:16:18.645101 #18270]  INFO -- : 0:  rb-inotify (0.9.4) from /home/lxsameer/.rbenv/versions/2.1.0/lib/ruby/gems/2.1.0/specifications/rb-inotify-0.9.4.gemspec
I, [2014-05-11T12:16:18.645510 #18270]  INFO -- : 0:  listen (2.7.4) from /home/lxsameer/.rbenv/versions/2.1.0/lib/ruby/gems/2.1.0/specifications/listen-2.7.4.gemspec
I, [2014-05-11T12:16:18.645944 #18270]  INFO -- : 0:  mercenary (0.3.3) from /home/lxsameer/.rbenv/versions/2.1.0/lib/ruby/gems/2.1.0/specifications/mercenary-0.3.3.gemspec
I, [2014-05-11T12:16:18.646323 #18270]  INFO -- : 0:  posix-spawn (0.3.8) from /home/lxsameer/.rbenv/versions/2.1.0/lib/ruby/gems/2.1.0/specifications/posix-spawn-0.3.8.gemspec
I, [2014-05-11T12:16:18.646714 #18270]  INFO -- : 0:  yajl-ruby (1.1.0) from /home/lxsameer/.rbenv/versions/2.1.0/lib/ruby/gems/2.1.0/specifications/yajl-ruby-1.1.0.gemspec
I, [2014-05-11T12:16:18.647093 #18270]  INFO -- : 0:  pygments.rb (0.5.4) from /home/lxsameer/.rbenv/versions/2.1.0/lib/ruby/gems/2.1.0/specifications/pygments.rb-0.5.4.gemspec
I, [2014-05-11T12:16:18.647493 #18270]  INFO -- : 0:  redcarpet (3.1.1) from /home/lxsameer/.rbenv/versions/2.1.0/lib/ruby/gems/2.1.0/specifications/redcarpet-3.1.1.gemspec
I, [2014-05-11T12:16:18.647889 #18270]  INFO -- : 0:  safe_yaml (1.0.3) from /home/lxsameer/.rbenv/versions/2.1.0/lib/ruby/gems/2.1.0/specifications/safe_yaml-1.0.3.gemspec
I, [2014-05-11T12:16:18.648307 #18270]  INFO -- : 0:  parslet (1.5.0) from /home/lxsameer/.rbenv/versions/2.1.0/lib/ruby/gems/2.1.0/specifications/parslet-1.5.0.gemspec
I, [2014-05-11T12:16:18.648709 #18270]  INFO -- : 0:  toml (0.1.1) from /home/lxsameer/.rbenv/versions/2.1.0/lib/ruby/gems/2.1.0/specifications/toml-0.1.1.gemspec
I, [2014-05-11T12:16:18.649102 #18270]  INFO -- : 0:  jekyll (2.0.3) from /home/lxsameer/.rbenv/versions/2.1.0/lib/ruby/gems/2.1.0/specifications/jekyll-2.0.3.gemspec
I, [2014-05-11T12:16:18.649469 #18270]  INFO -- : 0:  multi_json (1.10.0) from /home/lxsameer/.rbenv/versions/2.1.0/lib/ruby/gems/2.1.0/specifications/multi_json-1.10.0.gemspec
I, [2014-05-11T12:16:18.649845 #18270]  INFO -- : 0:  rack (1.5.2) from /home/lxsameer/.rbenv/versions/2.1.0/lib/ruby/gems/2.1.0/specifications/rack-1.5.2.gemspec
I, [2014-05-11T12:16:18.650183 #18270]  INFO -- : 0:  tilt (1.4.1) from /home/lxsameer/.rbenv/versions/2.1.0/lib/ruby/gems/2.1.0/specifications/tilt-1.4.1.gemspec
I, [2014-05-11T12:16:18.650616 #18270]  INFO -- : 0:  sprockets (2.12.1) from /home/lxsameer/.rbenv/versions/2.1.0/lib/ruby/gems/2.1.0/specifications/sprockets-2.12.1.gemspec
I, [2014-05-11T12:16:18.650989 #18270]  INFO -- : 0:  jekyll-assets (0.7.8) from /home/lxsameer/.rbenv/versions/2.1.0/lib/ruby/gems/2.1.0/specifications/jekyll-assets-0.7.8.gemspec
I, [2014-05-11T12:16:18.651322 #18270]  INFO -- : 0:  json (1.8.1) from /home/lxsameer/.rbenv/versions/2.1.0/lib/ruby/gems/2.1.0/specifications/default/json-1.8.1.gemspec
I, [2014-05-11T12:16:18.651805 #18270]  INFO -- : 0:  neat (1.6.0) from /home/lxsameer/.rbenv/versions/2.1.0/lib/ruby/gems/2.1.0/specifications/neat-1.6.0.gemspec
I, [2014-05-11T12:16:18.652328 #18270]  INFO -- : 0:  puma (2.8.2) from /home/lxsameer/.rbenv/versions/2.1.0/lib/ruby/gems/2.1.0/specifications/puma-2.8.2.gemspec
I, [2014-05-11T12:16:18.652672 #18270]  INFO -- : 0:  rack-contrib (1.1.0) from /home/lxsameer/.rbenv/versions/2.1.0/lib/ruby/gems/2.1.0/specifications/rack-contrib-1.1.0.gemspec
I, [2014-05-11T12:16:18.653061 #18270]  INFO -- : 0:  rack-rewrite (1.5.0) from /home/lxsameer/.rbenv/versions/2.1.0/lib/ruby/gems/2.1.0/specifications/rack-rewrite-1.5.0.gemspec
I, [2014-05-11T12:16:18.653438 #18270]  INFO -- : 0:  uglifier (2.5.0) from /home/lxsameer/.rbenv/versions/2.1.0/lib/ruby/gems/2.1.0/specifications/uglifier-2.5.0.gemspec
I, [2014-05-11T12:16:18.653751 #18270]  INFO -- : 0:  bundler (1.5.1) from /home/lxsameer/.rbenv/versions/2.1.0/lib/ruby/gems/2.1.0/specifications/bundler-1.5.1.gemspec
